2026-06-18 04:52:55,418 - INFO - [application] - TRANSFER_CREATED: Sender: alice, Receiver: bob
2026-06-18 04:52:55,419 - INFO - [application] - INPUT_FILES_VALIDATED: Found 5 valid mp3 files.
2026-06-18 04:52:55,489 - INFO - [application] - SEGMENT_METADATA_READ
2026-06-18 04:52:55,491 - INFO - [application] - REFERENCE_ASSEMBLY_STARTED
2026-06-18 04:52:55,491 - INFO - [application] - ASSEMBLY_STARTED: Format: mp3, Target: H:\AN TOÀN BẢO MẬT THÔNG TIN\secure-audio-segment-transfer\output\reference\original_reference.mp3
2026-06-18 04:52:56,841 - INFO - [application] - ASSEMBLY_COMPLETED: MP3 assembled to H:\AN TOÀN BẢO MẬT THÔNG TIN\secure-audio-segment-transfer\output\reference\original_reference.mp3
2026-06-18 04:52:56,842 - INFO - [application] - REFERENCE_ASSEMBLY_COMPLETED: Hash: f798c8a3b0ab4510a61a7a252bd24486bcb400d5b735cc60a088d2c2aaf4c884
2026-06-18 04:52:56,862 - INFO - [application] - SEGMENT_ENCRYPTED: Segment 1
2026-06-18 04:52:56,863 - INFO - [application] - SEGMENT_ENCRYPTED: Segment 2
2026-06-18 04:52:56,864 - INFO - [application] - SEGMENT_ENCRYPTED: Segment 3
2026-06-18 04:52:56,865 - INFO - [application] - SEGMENT_ENCRYPTED: Segment 4
2026-06-18 04:52:56,865 - INFO - [application] - SEGMENT_ENCRYPTED: Segment 5
2026-06-18 04:52:56,867 - INFO - [application] - MANIFEST_CREATED
2026-06-18 04:52:56,868 - INFO - [application] - SEGMENT_SENT: at1.enc
2026-06-18 04:52:56,868 - INFO - [application] - SEGMENT_SENT: at2.enc
2026-06-18 04:52:56,869 - INFO - [application] - SEGMENT_SENT: at3.enc
2026-06-18 04:52:56,869 - INFO - [application] - SEGMENT_SENT: at4.enc
2026-06-18 04:52:56,869 - INFO - [application] - SEGMENT_SENT: at5.enc
2026-06-18 04:52:56,869 - INFO - [application] - TRANSFER_COMPLETED: Session: c1adc47a-e7c2-4700-8702-406ff8464317, Channel: H:\AN TOÀN BẢO MẬT THÔNG TIN\secure-audio-segment-transfer\output\channel\972d6883-6c08-4864-9fb0-8ab8c09e9906
2026-06-18 04:53:06,817 - INFO - [application] - RECEIVE_STARTED: Channel: output\channel\972d6883-6c08-4864-9fb0-8ab8c09e9906
2026-06-18 04:53:06,837 - INFO - [application] - MANIFEST_VERIFIED
2026-06-18 04:53:06,933 - INFO - [application] - SEGMENT_DECRYPTED: at1.enc
2026-06-18 04:53:06,934 - INFO - [application] - SEGMENT_RECEIVED: at1.enc
2026-06-18 04:53:06,961 - INFO - [application] - SEGMENT_DECRYPTED: at2.enc
2026-06-18 04:53:06,962 - INFO - [application] - SEGMENT_RECEIVED: at2.enc
2026-06-18 04:53:06,983 - INFO - [application] - SEGMENT_DECRYPTED: at3.enc
2026-06-18 04:53:06,986 - INFO - [application] - SEGMENT_RECEIVED: at3.enc
2026-06-18 04:53:07,012 - INFO - [application] - SEGMENT_DECRYPTED: at4.enc
2026-06-18 04:53:07,014 - INFO - [application] - SEGMENT_RECEIVED: at4.enc
2026-06-18 04:53:07,036 - INFO - [application] - SEGMENT_DECRYPTED: at5.enc
2026-06-18 04:53:07,038 - INFO - [application] - SEGMENT_RECEIVED: at5.enc
2026-06-18 04:53:07,038 - INFO - [application] - ASSEMBLY_STARTED
2026-06-18 04:53:07,038 - INFO - [application] - ASSEMBLY_STARTED: Format: mp3, Target: H:\AN TOÀN BẢO MẬT THÔNG TIN\secure-audio-segment-transfer\output\receiver\reconstructed.mp3
2026-06-18 04:53:07,208 - INFO - [application] - ASSEMBLY_COMPLETED: MP3 assembled to H:\AN TOÀN BẢO MẬT THÔNG TIN\secure-audio-segment-transfer\output\receiver\reconstructed.mp3
2026-06-18 04:53:07,218 - INFO - [application] - FINAL_HASH_VERIFIED: HASH MATCH: PASS
2026-06-18 04:54:55,271 - INFO - [application] - TRANSFER_CREATED: Sender: alice, Receiver: bob
2026-06-18 04:54:55,273 - INFO - [application] - INPUT_FILES_VALIDATED: Found 5 valid mp3 files.
2026-06-18 04:54:55,273 - INFO - [application] - SEGMENT_METADATA_READ
2026-06-18 04:54:55,273 - INFO - [application] - REFERENCE_ASSEMBLY_STARTED
2026-06-18 04:54:55,274 - INFO - [application] - REFERENCE_ASSEMBLY_COMPLETED: Hash: fake_hash
2026-06-18 04:54:55,299 - INFO - [application] - SEGMENT_ENCRYPTED: Segment 1
2026-06-18 04:54:55,318 - INFO - [application] - SEGMENT_ENCRYPTED: Segment 2
2026-06-18 04:54:55,339 - INFO - [application] - SEGMENT_ENCRYPTED: Segment 3
2026-06-18 04:54:55,359 - INFO - [application] - SEGMENT_ENCRYPTED: Segment 4
2026-06-18 04:54:55,381 - INFO - [application] - SEGMENT_ENCRYPTED: Segment 5
2026-06-18 04:54:55,384 - INFO - [application] - MANIFEST_CREATED
2026-06-18 04:54:55,386 - INFO - [application] - SEGMENT_SENT: at1.enc
2026-06-18 04:54:55,387 - INFO - [application] - SEGMENT_SENT: at2.enc
2026-06-18 04:54:55,388 - INFO - [application] - SEGMENT_SENT: at3.enc
2026-06-18 04:54:55,391 - INFO - [application] - SEGMENT_SENT: at4.enc
2026-06-18 04:54:55,392 - INFO - [application] - SEGMENT_SENT: at5.enc
2026-06-18 04:54:55,393 - INFO - [application] - TRANSFER_COMPLETED: Session: 7045665b-6651-4904-8903-58bdce2f23fe, Channel: C:\Users\ADMIN\AppData\Local\Temp\pytest-of-ADMIN\pytest-0\test_missing_at30\output\channel\2cb5140b-ae28-46d0-b952-510087b8bb1d
2026-06-18 04:54:55,396 - INFO - [application] - RECEIVE_STARTED: Channel: C:\Users\ADMIN\AppData\Local\Temp\pytest-of-ADMIN\pytest-0\test_missing_at30\output\channel\2cb5140b-ae28-46d0-b952-510087b8bb1d
2026-06-18 04:54:55,414 - INFO - [application] - MANIFEST_VERIFIED
2026-06-18 04:54:55,415 - INFO - [application] - TRANSFER_FAILED: Expected segment at3.enc is missing
2026-06-18 04:54:55,430 - INFO - [application] - TRANSFER_CREATED: Sender: alice, Receiver: bob
2026-06-18 04:54:55,431 - INFO - [application] - INPUT_FILES_VALIDATED: Found 5 valid mp3 files.
2026-06-18 04:54:55,432 - INFO - [application] - SEGMENT_METADATA_READ
2026-06-18 04:54:55,432 - INFO - [application] - REFERENCE_ASSEMBLY_STARTED
2026-06-18 04:54:55,432 - INFO - [application] - REFERENCE_ASSEMBLY_COMPLETED: Hash: fake_hash
2026-06-18 04:54:55,452 - INFO - [application] - SEGMENT_ENCRYPTED: Segment 1
2026-06-18 04:54:55,475 - INFO - [application] - SEGMENT_ENCRYPTED: Segment 2
2026-06-18 04:54:55,496 - INFO - [application] - SEGMENT_ENCRYPTED: Segment 3
2026-06-18 04:54:55,517 - INFO - [application] - SEGMENT_ENCRYPTED: Segment 4
2026-06-18 04:54:55,535 - INFO - [application] - SEGMENT_ENCRYPTED: Segment 5
2026-06-18 04:54:55,537 - INFO - [application] - MANIFEST_CREATED
2026-06-18 04:54:55,538 - INFO - [application] - SEGMENT_SENT: at1.enc
2026-06-18 04:54:55,539 - INFO - [application] - SEGMENT_SENT: at2.enc
2026-06-18 04:54:55,541 - INFO - [application] - SEGMENT_SENT: at3.enc
2026-06-18 04:54:55,542 - INFO - [application] - SEGMENT_SENT: at4.enc
2026-06-18 04:54:55,544 - INFO - [application] - SEGMENT_SENT: at5.enc
2026-06-18 04:54:55,545 - INFO - [application] - TRANSFER_COMPLETED: Session: 4ebe2a36-0495-4224-8560-611be8251891, Channel: C:\Users\ADMIN\AppData\Local\Temp\pytest-of-ADMIN\pytest-0\test_replay_full_session0\output\channel\7995cad2-9bba-4313-bda1-c51abd9a533a
2026-06-18 04:54:55,547 - INFO - [application] - RECEIVE_STARTED: Channel: C:\Users\ADMIN\AppData\Local\Temp\pytest-of-ADMIN\pytest-0\test_replay_full_session0\output\channel\7995cad2-9bba-4313-bda1-c51abd9a533a
2026-06-18 04:54:55,564 - INFO - [application] - MANIFEST_VERIFIED
2026-06-18 04:54:55,585 - INFO - [application] - SEGMENT_DECRYPTED: at1.enc
2026-06-18 04:54:55,586 - INFO - [application] - SEGMENT_RECEIVED: at1.enc
2026-06-18 04:54:55,606 - INFO - [application] - SEGMENT_DECRYPTED: at2.enc
2026-06-18 04:54:55,606 - INFO - [application] - SEGMENT_RECEIVED: at2.enc
2026-06-18 04:54:55,629 - INFO - [application] - SEGMENT_DECRYPTED: at3.enc
2026-06-18 04:54:55,631 - INFO - [application] - SEGMENT_RECEIVED: at3.enc
2026-06-18 04:54:55,656 - INFO - [application] - SEGMENT_DECRYPTED: at4.enc
2026-06-18 04:54:55,656 - INFO - [application] - SEGMENT_RECEIVED: at4.enc
2026-06-18 04:54:55,681 - INFO - [application] - SEGMENT_DECRYPTED: at5.enc
2026-06-18 04:54:55,682 - INFO - [application] - SEGMENT_RECEIVED: at5.enc
2026-06-18 04:54:55,684 - INFO - [application] - ASSEMBLY_STARTED
2026-06-18 04:54:55,685 - INFO - [application] - FINAL_HASH_VERIFIED: HASH MATCH: PASS
2026-06-18 04:54:55,694 - INFO - [application] - RECEIVE_STARTED: Channel: C:\Users\ADMIN\AppData\Local\Temp\pytest-of-ADMIN\pytest-0\test_replay_full_session0\output\channel\7995cad2-9bba-4313-bda1-c51abd9a533a
2026-06-18 04:54:55,695 - INFO - [application] - MANIFEST_VERIFIED
2026-06-18 04:54:55,700 - INFO - [application] - TRANSFER_FAILED: Replay attack detected: Session 4ebe2a36-0495-4224-8560-611be8251891 already completed.
2026-06-18 04:54:55,709 - INFO - [application] - TRANSFER_CREATED: Sender: alice, Receiver: bob
2026-06-18 04:54:55,710 - INFO - [application] - INPUT_FILES_VALIDATED: Found 5 valid mp3 files.
2026-06-18 04:54:55,710 - INFO - [application] - SEGMENT_METADATA_READ
2026-06-18 04:54:55,710 - INFO - [application] - REFERENCE_ASSEMBLY_STARTED
2026-06-18 04:54:55,711 - INFO - [application] - REFERENCE_ASSEMBLY_COMPLETED: Hash: fake_hash
2026-06-18 04:54:55,729 - INFO - [application] - SEGMENT_ENCRYPTED: Segment 1
2026-06-18 04:54:55,748 - INFO - [application] - SEGMENT_ENCRYPTED: Segment 2
2026-06-18 04:54:55,772 - INFO - [application] - SEGMENT_ENCRYPTED: Segment 3
2026-06-18 04:54:55,796 - INFO - [application] - SEGMENT_ENCRYPTED: Segment 4
2026-06-18 04:54:55,819 - INFO - [application] - SEGMENT_ENCRYPTED: Segment 5
2026-06-18 04:54:55,824 - INFO - [application] - MANIFEST_CREATED
2026-06-18 04:54:55,828 - INFO - [application] - SEGMENT_SENT: at1.enc
2026-06-18 04:54:55,830 - INFO - [application] - SEGMENT_SENT: at2.enc
2026-06-18 04:54:55,831 - INFO - [application] - SEGMENT_SENT: at3.enc
2026-06-18 04:54:55,833 - INFO - [application] - SEGMENT_SENT: at4.enc
2026-06-18 04:54:55,834 - INFO - [application] - SEGMENT_SENT: at5.enc
2026-06-18 04:54:55,834 - INFO - [application] - TRANSFER_COMPLETED: Session: c345077f-ecde-49e3-a9fa-8f881b89ec5e, Channel: C:\Users\ADMIN\AppData\Local\Temp\pytest-of-ADMIN\pytest-0\test_tampered_at20\output\channel\73e7e4d0-243f-4790-b9f9-8f18a670af1d
2026-06-18 04:54:55,850 - INFO - [application] - RECEIVE_STARTED: Channel: C:\Users\ADMIN\AppData\Local\Temp\pytest-of-ADMIN\pytest-0\test_tampered_at20\output\channel\73e7e4d0-243f-4790-b9f9-8f18a670af1d
2026-06-18 04:54:55,869 - INFO - [application] - MANIFEST_VERIFIED
2026-06-18 04:54:55,883 - INFO - [application] - SEGMENT_DECRYPTED: at1.enc
2026-06-18 04:54:55,884 - INFO - [application] - SEGMENT_RECEIVED: at1.enc
2026-06-18 04:54:55,901 - INFO - [application] - TRANSFER_FAILED: Ciphertext hash mismatch for at2.enc
2026-06-18 04:54:55,953 - INFO - [application] - TRANSFER_CREATED: Sender: alice, Receiver: bob
2026-06-18 04:54:55,953 - INFO - [application] - INPUT_FILES_VALIDATED: Found 5 valid mp3 files.
2026-06-18 04:54:55,954 - INFO - [application] - SEGMENT_METADATA_READ
2026-06-18 04:54:55,954 - INFO - [application] - REFERENCE_ASSEMBLY_STARTED
2026-06-18 04:54:56,045 - INFO - [application] - REFERENCE_ASSEMBLY_COMPLETED: Hash: fake_hash
2026-06-18 04:54:56,047 - INFO - [application] - SEGMENT_ENCRYPTED: Segment 1
2026-06-18 04:54:56,048 - INFO - [application] - SEGMENT_ENCRYPTED: Segment 2
2026-06-18 04:54:56,049 - INFO - [application] - SEGMENT_ENCRYPTED: Segment 3
2026-06-18 04:54:56,049 - INFO - [application] - SEGMENT_ENCRYPTED: Segment 4
2026-06-18 04:54:56,050 - INFO - [application] - SEGMENT_ENCRYPTED: Segment 5
2026-06-18 04:54:56,053 - INFO - [application] - MANIFEST_CREATED
2026-06-18 04:54:56,055 - INFO - [application] - SEGMENT_SENT: at1.enc
2026-06-18 04:54:56,056 - INFO - [application] - SEGMENT_SENT: at2.enc
2026-06-18 04:54:56,057 - INFO - [application] - SEGMENT_SENT: at3.enc
2026-06-18 04:54:56,057 - INFO - [application] - SEGMENT_SENT: at4.enc
2026-06-18 04:54:56,058 - INFO - [application] - SEGMENT_SENT: at5.enc
2026-06-18 04:54:56,058 - INFO - [application] - TRANSFER_COMPLETED: Session: a4bb7331-f997-42e8-9f8f-3b851cffd1c1, Channel: C:\Users\ADMIN\AppData\Local\Temp\pytest-of-ADMIN\pytest-0\test_valid_mp30\output\channel\623c6385-be32-4d82-803b-963bb5b7c7b4
2026-06-18 04:54:56,059 - INFO - [application] - RECEIVE_STARTED: Channel: C:\Users\ADMIN\AppData\Local\Temp\pytest-of-ADMIN\pytest-0\test_valid_mp30\output\channel\623c6385-be32-4d82-803b-963bb5b7c7b4
2026-06-18 04:54:56,072 - INFO - [application] - MANIFEST_VERIFIED
2026-06-18 04:54:56,089 - INFO - [application] - SEGMENT_DECRYPTED: at1.enc
2026-06-18 04:54:56,089 - INFO - [application] - SEGMENT_RECEIVED: at1.enc
2026-06-18 04:54:56,112 - INFO - [application] - SEGMENT_DECRYPTED: at2.enc
2026-06-18 04:54:56,113 - INFO - [application] - SEGMENT_RECEIVED: at2.enc
2026-06-18 04:54:56,141 - INFO - [application] - SEGMENT_DECRYPTED: at3.enc
2026-06-18 04:54:56,143 - INFO - [application] - SEGMENT_RECEIVED: at3.enc
2026-06-18 04:54:56,159 - INFO - [application] - SEGMENT_DECRYPTED: at4.enc
2026-06-18 04:54:56,159 - INFO - [application] - SEGMENT_RECEIVED: at4.enc
2026-06-18 04:54:56,181 - INFO - [application] - SEGMENT_DECRYPTED: at5.enc
2026-06-18 04:54:56,182 - INFO - [application] - SEGMENT_RECEIVED: at5.enc
2026-06-18 04:54:56,182 - INFO - [application] - ASSEMBLY_STARTED
2026-06-18 04:54:56,270 - INFO - [application] - FINAL_HASH_VERIFIED: HASH MATCH: PASS
2026-06-18 04:55:12,015 - INFO - [application] - TRANSFER_CREATED: Sender: alice, Receiver: bob
2026-06-18 04:55:12,016 - INFO - [application] - INPUT_FILES_VALIDATED: Found 5 valid mp3 files.
2026-06-18 04:55:12,016 - INFO - [application] - SEGMENT_METADATA_READ
2026-06-18 04:55:12,016 - INFO - [application] - REFERENCE_ASSEMBLY_STARTED
2026-06-18 04:55:12,017 - INFO - [application] - REFERENCE_ASSEMBLY_COMPLETED: Hash: fake_hash
2026-06-18 04:55:12,038 - INFO - [application] - SEGMENT_ENCRYPTED: Segment 1
2026-06-18 04:55:12,060 - INFO - [application] - SEGMENT_ENCRYPTED: Segment 2
2026-06-18 04:55:12,093 - INFO - [application] - SEGMENT_ENCRYPTED: Segment 3
2026-06-18 04:55:12,123 - INFO - [application] - SEGMENT_ENCRYPTED: Segment 4
2026-06-18 04:55:12,146 - INFO - [application] - SEGMENT_ENCRYPTED: Segment 5
2026-06-18 04:55:12,149 - INFO - [application] - MANIFEST_CREATED
2026-06-18 04:55:12,155 - INFO - [application] - SEGMENT_SENT: at1.enc
2026-06-18 04:55:12,157 - INFO - [application] - SEGMENT_SENT: at2.enc
2026-06-18 04:55:12,158 - INFO - [application] - SEGMENT_SENT: at3.enc
2026-06-18 04:55:12,159 - INFO - [application] - SEGMENT_SENT: at4.enc
2026-06-18 04:55:12,160 - INFO - [application] - SEGMENT_SENT: at5.enc
2026-06-18 04:55:12,161 - INFO - [application] - TRANSFER_COMPLETED: Session: f48aa036-d5f2-45fa-aad0-112cb2345a5c, Channel: C:\Users\ADMIN\AppData\Local\Temp\pytest-of-ADMIN\pytest-1\test_missing_at30\output\channel\0015b86e-2dc8-4e28-9c6b-513496725123
2026-06-18 04:55:12,164 - INFO - [application] - RECEIVE_STARTED: Channel: C:\Users\ADMIN\AppData\Local\Temp\pytest-of-ADMIN\pytest-1\test_missing_at30\output\channel\0015b86e-2dc8-4e28-9c6b-513496725123
2026-06-18 04:55:12,188 - INFO - [application] - MANIFEST_VERIFIED
2026-06-18 04:55:12,189 - INFO - [application] - TRANSFER_FAILED: Expected segment at3.enc is missing
2026-06-18 04:55:12,202 - INFO - [application] - TRANSFER_CREATED: Sender: alice, Receiver: bob
2026-06-18 04:55:12,204 - INFO - [application] - INPUT_FILES_VALIDATED: Found 5 valid mp3 files.
2026-06-18 04:55:12,205 - INFO - [application] - SEGMENT_METADATA_READ
2026-06-18 04:55:12,205 - INFO - [application] - REFERENCE_ASSEMBLY_STARTED
2026-06-18 04:55:12,207 - INFO - [application] - REFERENCE_ASSEMBLY_COMPLETED: Hash: fake_hash
2026-06-18 04:55:12,232 - INFO - [application] - SEGMENT_ENCRYPTED: Segment 1
2026-06-18 04:55:12,251 - INFO - [application] - SEGMENT_ENCRYPTED: Segment 2
2026-06-18 04:55:12,270 - INFO - [application] - SEGMENT_ENCRYPTED: Segment 3
2026-06-18 04:55:12,295 - INFO - [application] - SEGMENT_ENCRYPTED: Segment 4
2026-06-18 04:55:12,321 - INFO - [application] - SEGMENT_ENCRYPTED: Segment 5
2026-06-18 04:55:12,328 - INFO - [application] - MANIFEST_CREATED
2026-06-18 04:55:12,335 - INFO - [application] - SEGMENT_SENT: at1.enc
2026-06-18 04:55:12,336 - INFO - [application] - SEGMENT_SENT: at2.enc
2026-06-18 04:55:12,338 - INFO - [application] - SEGMENT_SENT: at3.enc
2026-06-18 04:55:12,340 - INFO - [application] - SEGMENT_SENT: at4.enc
2026-06-18 04:55:12,343 - INFO - [application] - SEGMENT_SENT: at5.enc
2026-06-18 04:55:12,345 - INFO - [application] - TRANSFER_COMPLETED: Session: b4961e08-57f6-4d0e-b92b-11d530e8b691, Channel: C:\Users\ADMIN\AppData\Local\Temp\pytest-of-ADMIN\pytest-1\test_replay_full_session0\output\channel\fdf401cc-be93-483e-a3d3-f2ec3397b329
2026-06-18 04:55:12,351 - INFO - [application] - RECEIVE_STARTED: Channel: C:\Users\ADMIN\AppData\Local\Temp\pytest-of-ADMIN\pytest-1\test_replay_full_session0\output\channel\fdf401cc-be93-483e-a3d3-f2ec3397b329
2026-06-18 04:55:12,376 - INFO - [application] - MANIFEST_VERIFIED
2026-06-18 04:55:12,403 - INFO - [application] - SEGMENT_DECRYPTED: at1.enc
2026-06-18 04:55:12,404 - INFO - [application] - SEGMENT_RECEIVED: at1.enc
2026-06-18 04:55:12,427 - INFO - [application] - SEGMENT_DECRYPTED: at2.enc
2026-06-18 04:55:12,428 - INFO - [application] - SEGMENT_RECEIVED: at2.enc
2026-06-18 04:55:12,448 - INFO - [application] - SEGMENT_DECRYPTED: at3.enc
2026-06-18 04:55:12,449 - INFO - [application] - SEGMENT_RECEIVED: at3.enc
2026-06-18 04:55:12,469 - INFO - [application] - SEGMENT_DECRYPTED: at4.enc
2026-06-18 04:55:12,471 - INFO - [application] - SEGMENT_RECEIVED: at4.enc
2026-06-18 04:55:12,496 - INFO - [application] - SEGMENT_DECRYPTED: at5.enc
2026-06-18 04:55:12,497 - INFO - [application] - SEGMENT_RECEIVED: at5.enc
2026-06-18 04:55:12,497 - INFO - [application] - ASSEMBLY_STARTED
2026-06-18 04:55:12,498 - INFO - [application] - FINAL_HASH_VERIFIED: HASH MATCH: PASS
2026-06-18 04:55:12,502 - INFO - [application] - RECEIVE_STARTED: Channel: C:\Users\ADMIN\AppData\Local\Temp\pytest-of-ADMIN\pytest-1\test_replay_full_session0\output\channel\fdf401cc-be93-483e-a3d3-f2ec3397b329
2026-06-18 04:55:12,503 - INFO - [application] - MANIFEST_VERIFIED
2026-06-18 04:55:12,505 - INFO - [application] - TRANSFER_FAILED: Replay attack detected: Session b4961e08-57f6-4d0e-b92b-11d530e8b691 already completed.
2026-06-18 04:55:12,517 - INFO - [application] - TRANSFER_CREATED: Sender: alice, Receiver: bob
2026-06-18 04:55:12,518 - INFO - [application] - INPUT_FILES_VALIDATED: Found 5 valid mp3 files.
2026-06-18 04:55:12,518 - INFO - [application] - SEGMENT_METADATA_READ
2026-06-18 04:55:12,518 - INFO - [application] - REFERENCE_ASSEMBLY_STARTED
2026-06-18 04:55:12,518 - INFO - [application] - REFERENCE_ASSEMBLY_COMPLETED: Hash: fake_hash
2026-06-18 04:55:12,533 - INFO - [application] - SEGMENT_ENCRYPTED: Segment 1
2026-06-18 04:55:12,545 - INFO - [application] - SEGMENT_ENCRYPTED: Segment 2
2026-06-18 04:55:12,557 - INFO - [application] - SEGMENT_ENCRYPTED: Segment 3
2026-06-18 04:55:12,574 - INFO - [application] - SEGMENT_ENCRYPTED: Segment 4
2026-06-18 04:55:12,596 - INFO - [application] - SEGMENT_ENCRYPTED: Segment 5
2026-06-18 04:55:12,599 - INFO - [application] - MANIFEST_CREATED
2026-06-18 04:55:12,604 - INFO - [application] - SEGMENT_SENT: at1.enc
2026-06-18 04:55:12,605 - INFO - [application] - SEGMENT_SENT: at2.enc
2026-06-18 04:55:12,606 - INFO - [application] - SEGMENT_SENT: at3.enc
2026-06-18 04:55:12,608 - INFO - [application] - SEGMENT_SENT: at4.enc
2026-06-18 04:55:12,608 - INFO - [application] - SEGMENT_SENT: at5.enc
2026-06-18 04:55:12,609 - INFO - [application] - TRANSFER_COMPLETED: Session: 39fa879c-688f-448b-937f-c118c9a4f6e6, Channel: C:\Users\ADMIN\AppData\Local\Temp\pytest-of-ADMIN\pytest-1\test_tampered_at20\output\channel\80c767ea-2d8c-4676-9475-4af8e5e1bad5
2026-06-18 04:55:12,627 - INFO - [application] - RECEIVE_STARTED: Channel: C:\Users\ADMIN\AppData\Local\Temp\pytest-of-ADMIN\pytest-1\test_tampered_at20\output\channel\80c767ea-2d8c-4676-9475-4af8e5e1bad5
2026-06-18 04:55:12,644 - INFO - [application] - MANIFEST_VERIFIED
2026-06-18 04:55:12,665 - INFO - [application] - SEGMENT_DECRYPTED: at1.enc
2026-06-18 04:55:12,666 - INFO - [application] - SEGMENT_RECEIVED: at1.enc
2026-06-18 04:55:12,687 - INFO - [application] - TRANSFER_FAILED: name 'SegmentIntegrityError' is not defined
2026-06-18 04:55:12,739 - INFO - [application] - TRANSFER_CREATED: Sender: alice, Receiver: bob
2026-06-18 04:55:12,741 - INFO - [application] - INPUT_FILES_VALIDATED: Found 5 valid mp3 files.
2026-06-18 04:55:12,741 - INFO - [application] - SEGMENT_METADATA_READ
2026-06-18 04:55:12,741 - INFO - [application] - REFERENCE_ASSEMBLY_STARTED
2026-06-18 04:55:12,829 - INFO - [application] - REFERENCE_ASSEMBLY_COMPLETED: Hash: fake_hash
2026-06-18 04:55:12,830 - INFO - [application] - SEGMENT_ENCRYPTED: Segment 1
2026-06-18 04:55:12,831 - INFO - [application] - SEGMENT_ENCRYPTED: Segment 2
2026-06-18 04:55:12,831 - INFO - [application] - SEGMENT_ENCRYPTED: Segment 3
2026-06-18 04:55:12,832 - INFO - [application] - SEGMENT_ENCRYPTED: Segment 4
2026-06-18 04:55:12,833 - INFO - [application] - SEGMENT_ENCRYPTED: Segment 5
2026-06-18 04:55:12,835 - INFO - [application] - MANIFEST_CREATED
2026-06-18 04:55:12,837 - INFO - [application] - SEGMENT_SENT: at1.enc
2026-06-18 04:55:12,837 - INFO - [application] - SEGMENT_SENT: at2.enc
2026-06-18 04:55:12,839 - INFO - [application] - SEGMENT_SENT: at3.enc
2026-06-18 04:55:12,839 - INFO - [application] - SEGMENT_SENT: at4.enc
2026-06-18 04:55:12,842 - INFO - [application] - SEGMENT_SENT: at5.enc
2026-06-18 04:55:12,843 - INFO - [application] - TRANSFER_COMPLETED: Session: 739e53aa-5f45-431a-9916-8ac21123b08c, Channel: C:\Users\ADMIN\AppData\Local\Temp\pytest-of-ADMIN\pytest-1\test_valid_mp30\output\channel\e765f5f0-aca2-45ef-86db-f25a61574983
2026-06-18 04:55:12,846 - INFO - [application] - RECEIVE_STARTED: Channel: C:\Users\ADMIN\AppData\Local\Temp\pytest-of-ADMIN\pytest-1\test_valid_mp30\output\channel\e765f5f0-aca2-45ef-86db-f25a61574983
2026-06-18 04:55:12,867 - INFO - [application] - MANIFEST_VERIFIED
2026-06-18 04:55:12,889 - INFO - [application] - SEGMENT_DECRYPTED: at1.enc
2026-06-18 04:55:12,891 - INFO - [application] - SEGMENT_RECEIVED: at1.enc
2026-06-18 04:55:12,915 - INFO - [application] - SEGMENT_DECRYPTED: at2.enc
2026-06-18 04:55:12,916 - INFO - [application] - SEGMENT_RECEIVED: at2.enc
2026-06-18 04:55:12,939 - INFO - [application] - SEGMENT_DECRYPTED: at3.enc
2026-06-18 04:55:12,941 - INFO - [application] - SEGMENT_RECEIVED: at3.enc
2026-06-18 04:55:12,961 - INFO - [application] - SEGMENT_DECRYPTED: at4.enc
2026-06-18 04:55:12,961 - INFO - [application] - SEGMENT_RECEIVED: at4.enc
2026-06-18 04:55:12,982 - INFO - [application] - SEGMENT_DECRYPTED: at5.enc
2026-06-18 04:55:12,983 - INFO - [application] - SEGMENT_RECEIVED: at5.enc
2026-06-18 04:55:12,983 - INFO - [application] - ASSEMBLY_STARTED
2026-06-18 04:55:13,093 - INFO - [application] - FINAL_HASH_VERIFIED: HASH MATCH: PASS
2026-06-18 04:55:47,103 - INFO - [application] - TRANSFER_CREATED: Sender: alice, Receiver: bob
2026-06-18 04:55:47,109 - INFO - [application] - INPUT_FILES_VALIDATED: Found 5 valid mp3 files.
2026-06-18 04:55:47,109 - INFO - [application] - SEGMENT_METADATA_READ
2026-06-18 04:55:47,110 - INFO - [application] - REFERENCE_ASSEMBLY_STARTED
2026-06-18 04:55:47,112 - INFO - [application] - REFERENCE_ASSEMBLY_COMPLETED: Hash: fake_hash
2026-06-18 04:55:47,152 - INFO - [application] - SEGMENT_ENCRYPTED: Segment 1
2026-06-18 04:55:47,190 - INFO - [application] - SEGMENT_ENCRYPTED: Segment 2
2026-06-18 04:55:47,230 - INFO - [application] - SEGMENT_ENCRYPTED: Segment 3
2026-06-18 04:55:47,265 - INFO - [application] - SEGMENT_ENCRYPTED: Segment 4
2026-06-18 04:55:47,303 - INFO - [application] - SEGMENT_ENCRYPTED: Segment 5
2026-06-18 04:55:47,309 - INFO - [application] - MANIFEST_CREATED
2026-06-18 04:55:47,314 - INFO - [application] - SEGMENT_SENT: at1.enc
2026-06-18 04:55:47,316 - INFO - [application] - SEGMENT_SENT: at2.enc
2026-06-18 04:55:47,318 - INFO - [application] - SEGMENT_SENT: at3.enc
2026-06-18 04:55:47,320 - INFO - [application] - SEGMENT_SENT: at4.enc
2026-06-18 04:55:47,321 - INFO - [application] - SEGMENT_SENT: at5.enc
2026-06-18 04:55:47,324 - INFO - [application] - TRANSFER_COMPLETED: Session: 06d8fc10-39f4-49c2-9fa7-4bc636c16d10, Channel: C:\Users\ADMIN\AppData\Local\Temp\pytest-of-ADMIN\pytest-2\test_missing_at30\output\channel\d490758b-1790-43ea-a322-b6708f59b5ac
2026-06-18 04:55:47,328 - INFO - [application] - RECEIVE_STARTED: Channel: C:\Users\ADMIN\AppData\Local\Temp\pytest-of-ADMIN\pytest-2\test_missing_at30\output\channel\d490758b-1790-43ea-a322-b6708f59b5ac
2026-06-18 04:55:47,357 - INFO - [application] - MANIFEST_VERIFIED
2026-06-18 04:55:47,359 - INFO - [application] - TRANSFER_FAILED: Expected segment at3.enc is missing
2026-06-18 04:55:47,380 - INFO - [application] - TRANSFER_CREATED: Sender: alice, Receiver: bob
2026-06-18 04:55:47,380 - INFO - [application] - INPUT_FILES_VALIDATED: Found 5 valid mp3 files.
2026-06-18 04:55:47,380 - INFO - [application] - SEGMENT_METADATA_READ
2026-06-18 04:55:47,380 - INFO - [application] - REFERENCE_ASSEMBLY_STARTED
2026-06-18 04:55:47,380 - INFO - [application] - REFERENCE_ASSEMBLY_COMPLETED: Hash: fake_hash
2026-06-18 04:55:47,414 - INFO - [application] - SEGMENT_ENCRYPTED: Segment 1
2026-06-18 04:55:47,448 - INFO - [application] - SEGMENT_ENCRYPTED: Segment 2
2026-06-18 04:55:47,480 - INFO - [application] - SEGMENT_ENCRYPTED: Segment 3
2026-06-18 04:55:47,518 - INFO - [application] - SEGMENT_ENCRYPTED: Segment 4
2026-06-18 04:55:47,555 - INFO - [application] - SEGMENT_ENCRYPTED: Segment 5
2026-06-18 04:55:47,559 - INFO - [application] - MANIFEST_CREATED
2026-06-18 04:55:47,562 - INFO - [application] - SEGMENT_SENT: at1.enc
2026-06-18 04:55:47,563 - INFO - [application] - SEGMENT_SENT: at2.enc
2026-06-18 04:55:47,565 - INFO - [application] - SEGMENT_SENT: at3.enc
2026-06-18 04:55:47,566 - INFO - [application] - SEGMENT_SENT: at4.enc
2026-06-18 04:55:47,567 - INFO - [application] - SEGMENT_SENT: at5.enc
2026-06-18 04:55:47,568 - INFO - [application] - TRANSFER_COMPLETED: Session: 66dcd232-c056-40ec-a507-c3119745f24f, Channel: C:\Users\ADMIN\AppData\Local\Temp\pytest-of-ADMIN\pytest-2\test_replay_full_session0\output\channel\b319df45-a3b2-46ae-9c53-31159a73933e
2026-06-18 04:55:47,572 - INFO - [application] - RECEIVE_STARTED: Channel: C:\Users\ADMIN\AppData\Local\Temp\pytest-of-ADMIN\pytest-2\test_replay_full_session0\output\channel\b319df45-a3b2-46ae-9c53-31159a73933e
2026-06-18 04:55:47,601 - INFO - [application] - MANIFEST_VERIFIED
2026-06-18 04:55:47,630 - INFO - [application] - SEGMENT_DECRYPTED: at1.enc
2026-06-18 04:55:47,634 - INFO - [application] - SEGMENT_RECEIVED: at1.enc
2026-06-18 04:55:47,664 - INFO - [application] - SEGMENT_DECRYPTED: at2.enc
2026-06-18 04:55:47,665 - INFO - [application] - SEGMENT_RECEIVED: at2.enc
2026-06-18 04:55:47,694 - INFO - [application] - SEGMENT_DECRYPTED: at3.enc
2026-06-18 04:55:47,695 - INFO - [application] - SEGMENT_RECEIVED: at3.enc
2026-06-18 04:55:47,727 - INFO - [application] - SEGMENT_DECRYPTED: at4.enc
2026-06-18 04:55:47,728 - INFO - [application] - SEGMENT_RECEIVED: at4.enc
2026-06-18 04:55:47,759 - INFO - [application] - SEGMENT_DECRYPTED: at5.enc
2026-06-18 04:55:47,760 - INFO - [application] - SEGMENT_RECEIVED: at5.enc
2026-06-18 04:55:47,760 - INFO - [application] - ASSEMBLY_STARTED
2026-06-18 04:55:47,761 - INFO - [application] - FINAL_HASH_VERIFIED: HASH MATCH: PASS
2026-06-18 04:55:47,770 - INFO - [application] - RECEIVE_STARTED: Channel: C:\Users\ADMIN\AppData\Local\Temp\pytest-of-ADMIN\pytest-2\test_replay_full_session0\output\channel\b319df45-a3b2-46ae-9c53-31159a73933e
2026-06-18 04:55:47,771 - INFO - [application] - MANIFEST_VERIFIED
2026-06-18 04:55:47,778 - INFO - [application] - TRANSFER_FAILED: Replay attack detected: Session 66dcd232-c056-40ec-a507-c3119745f24f already completed.
2026-06-18 04:55:47,796 - INFO - [application] - TRANSFER_CREATED: Sender: alice, Receiver: bob
2026-06-18 04:55:47,797 - INFO - [application] - INPUT_FILES_VALIDATED: Found 5 valid mp3 files.
2026-06-18 04:55:47,797 - INFO - [application] - SEGMENT_METADATA_READ
2026-06-18 04:55:47,797 - INFO - [application] - REFERENCE_ASSEMBLY_STARTED
2026-06-18 04:55:47,798 - INFO - [application] - REFERENCE_ASSEMBLY_COMPLETED: Hash: fake_hash
2026-06-18 04:55:47,827 - INFO - [application] - SEGMENT_ENCRYPTED: Segment 1
2026-06-18 04:55:47,854 - INFO - [application] - SEGMENT_ENCRYPTED: Segment 2
2026-06-18 04:55:47,880 - INFO - [application] - SEGMENT_ENCRYPTED: Segment 3
2026-06-18 04:55:47,909 - INFO - [application] - SEGMENT_ENCRYPTED: Segment 4
2026-06-18 04:55:48,115 - INFO - [application] - SEGMENT_ENCRYPTED: Segment 5
2026-06-18 04:55:48,144 - INFO - [application] - MANIFEST_CREATED
2026-06-18 04:55:48,148 - INFO - [application] - SEGMENT_SENT: at1.enc
2026-06-18 04:55:48,149 - INFO - [application] - SEGMENT_SENT: at2.enc
2026-06-18 04:55:48,151 - INFO - [application] - SEGMENT_SENT: at3.enc
2026-06-18 04:55:48,152 - INFO - [application] - SEGMENT_SENT: at4.enc
2026-06-18 04:55:48,154 - INFO - [application] - SEGMENT_SENT: at5.enc
2026-06-18 04:55:48,155 - INFO - [application] - TRANSFER_COMPLETED: Session: 8b5a6a42-96db-47d8-81b2-b9d9a8378fba, Channel: C:\Users\ADMIN\AppData\Local\Temp\pytest-of-ADMIN\pytest-2\test_tampered_at20\output\channel\0766588e-1141-4ce1-8ff4-4d54ca10dbac
2026-06-18 04:55:48,180 - INFO - [application] - RECEIVE_STARTED: Channel: C:\Users\ADMIN\AppData\Local\Temp\pytest-of-ADMIN\pytest-2\test_tampered_at20\output\channel\0766588e-1141-4ce1-8ff4-4d54ca10dbac
2026-06-18 04:55:48,209 - INFO - [application] - MANIFEST_VERIFIED
2026-06-18 04:55:48,234 - INFO - [application] - SEGMENT_DECRYPTED: at1.enc
2026-06-18 04:55:48,238 - INFO - [application] - SEGMENT_RECEIVED: at1.enc
2026-06-18 04:55:48,264 - INFO - [application] - TRANSFER_FAILED: Ciphertext hash mismatch for at2.enc
2026-06-18 04:55:48,280 - INFO - [application] - TRANSFER_CREATED: Sender: alice, Receiver: bob
2026-06-18 04:55:48,283 - INFO - [application] - INPUT_FILES_VALIDATED: Found 5 valid mp3 files.
2026-06-18 04:55:48,283 - INFO - [application] - SEGMENT_METADATA_READ
2026-06-18 04:55:48,283 - INFO - [application] - REFERENCE_ASSEMBLY_STARTED
2026-06-18 04:55:48,440 - INFO - [application] - REFERENCE_ASSEMBLY_COMPLETED: Hash: fake_hash
2026-06-18 04:55:48,443 - INFO - [application] - SEGMENT_ENCRYPTED: Segment 1
2026-06-18 04:55:48,444 - INFO - [application] - SEGMENT_ENCRYPTED: Segment 2
2026-06-18 04:55:48,445 - INFO - [application] - SEGMENT_ENCRYPTED: Segment 3
2026-06-18 04:55:48,447 - INFO - [application] - SEGMENT_ENCRYPTED: Segment 4
2026-06-18 04:55:48,448 - INFO - [application] - SEGMENT_ENCRYPTED: Segment 5
2026-06-18 04:55:48,451 - INFO - [application] - MANIFEST_CREATED
2026-06-18 04:55:48,455 - INFO - [application] - SEGMENT_SENT: at1.enc
2026-06-18 04:55:48,456 - INFO - [application] - SEGMENT_SENT: at2.enc
2026-06-18 04:55:48,457 - INFO - [application] - SEGMENT_SENT: at3.enc
2026-06-18 04:55:48,458 - INFO - [application] - SEGMENT_SENT: at4.enc
2026-06-18 04:55:48,459 - INFO - [application] - SEGMENT_SENT: at5.enc
2026-06-18 04:55:48,461 - INFO - [application] - TRANSFER_COMPLETED: Session: d900b6a8-1c33-41c6-b5bb-32550c546254, Channel: C:\Users\ADMIN\AppData\Local\Temp\pytest-of-ADMIN\pytest-2\test_valid_mp30\output\channel\d27bfb2a-3895-43e3-9926-463a98825ff9
2026-06-18 04:55:48,463 - INFO - [application] - RECEIVE_STARTED: Channel: C:\Users\ADMIN\AppData\Local\Temp\pytest-of-ADMIN\pytest-2\test_valid_mp30\output\channel\d27bfb2a-3895-43e3-9926-463a98825ff9
2026-06-18 04:55:48,492 - INFO - [application] - MANIFEST_VERIFIED
2026-06-18 04:55:48,521 - INFO - [application] - SEGMENT_DECRYPTED: at1.enc
2026-06-18 04:55:48,522 - INFO - [application] - SEGMENT_RECEIVED: at1.enc
2026-06-18 04:55:48,551 - INFO - [application] - SEGMENT_DECRYPTED: at2.enc
2026-06-18 04:55:48,553 - INFO - [application] - SEGMENT_RECEIVED: at2.enc
2026-06-18 04:55:48,580 - INFO - [application] - SEGMENT_DECRYPTED: at3.enc
2026-06-18 04:55:48,580 - INFO - [application] - SEGMENT_RECEIVED: at3.enc
2026-06-18 04:55:48,614 - INFO - [application] - SEGMENT_DECRYPTED: at4.enc
2026-06-18 04:55:48,615 - INFO - [application] - SEGMENT_RECEIVED: at4.enc
2026-06-18 04:55:48,647 - INFO - [application] - SEGMENT_DECRYPTED: at5.enc
2026-06-18 04:55:48,649 - INFO - [application] - SEGMENT_RECEIVED: at5.enc
2026-06-18 04:55:48,649 - INFO - [application] - ASSEMBLY_STARTED
2026-06-18 04:55:48,788 - INFO - [application] - FINAL_HASH_VERIFIED: HASH MATCH: PASS
2026-06-18 04:56:04,506 - INFO - [application] - TRANSFER_CREATED: Sender: alice, Receiver: bob
2026-06-18 04:56:04,510 - INFO - [application] - INPUT_FILES_VALIDATED: Found 5 valid mp3 files.
2026-06-18 04:56:04,513 - INFO - [application] - SEGMENT_METADATA_READ
2026-06-18 04:56:04,513 - INFO - [application] - REFERENCE_ASSEMBLY_STARTED
2026-06-18 04:56:04,513 - INFO - [application] - ASSEMBLY_STARTED: Format: mp3, Target: H:\AN TOÀN BẢO MẬT THÔNG TIN\secure-audio-segment-transfer\output\reference\original_reference.mp3
2026-06-18 04:56:04,581 - INFO - [application] - ASSEMBLY_COMPLETED: MP3 assembled to H:\AN TOÀN BẢO MẬT THÔNG TIN\secure-audio-segment-transfer\output\reference\original_reference.mp3
2026-06-18 04:56:04,590 - INFO - [application] - REFERENCE_ASSEMBLY_COMPLETED: Hash: f798c8a3b0ab4510a61a7a252bd24486bcb400d5b735cc60a088d2c2aaf4c884
2026-06-18 04:56:04,590 - INFO - [application] - SEGMENT_ENCRYPTED: Segment 1
2026-06-18 04:56:04,590 - INFO - [application] - SEGMENT_ENCRYPTED: Segment 2
2026-06-18 04:56:04,594 - INFO - [application] - SEGMENT_ENCRYPTED: Segment 3
2026-06-18 04:56:04,594 - INFO - [application] - SEGMENT_ENCRYPTED: Segment 4
2026-06-18 04:56:04,594 - INFO - [application] - SEGMENT_ENCRYPTED: Segment 5
2026-06-18 04:56:04,597 - INFO - [application] - MANIFEST_CREATED
2026-06-18 04:56:04,599 - INFO - [application] - SEGMENT_SENT: at1.enc
2026-06-18 04:56:04,600 - INFO - [application] - SEGMENT_SENT: at2.enc
2026-06-18 04:56:04,601 - INFO - [application] - SEGMENT_SENT: at3.enc
2026-06-18 04:56:04,602 - INFO - [application] - SEGMENT_SENT: at4.enc
2026-06-18 04:56:04,603 - INFO - [application] - SEGMENT_SENT: at5.enc
2026-06-18 04:56:04,603 - INFO - [application] - TRANSFER_COMPLETED: Session: 9bbbf8cc-eba5-4211-8fdc-3870342533ef, Channel: H:\AN TOÀN BẢO MẬT THÔNG TIN\secure-audio-segment-transfer\output\channel\638b4707-74e2-4dd6-b1a7-8389f29eb439
2026-06-18 04:56:04,605 - INFO - [application] - RECEIVE_STARTED: Channel: H:\AN TOÀN BẢO MẬT THÔNG TIN\secure-audio-segment-transfer\output\channel\638b4707-74e2-4dd6-b1a7-8389f29eb439
2026-06-18 04:56:04,621 - INFO - [application] - MANIFEST_VERIFIED
2026-06-18 04:56:04,636 - INFO - [application] - SEGMENT_DECRYPTED: at1.enc
2026-06-18 04:56:04,636 - INFO - [application] - SEGMENT_RECEIVED: at1.enc
2026-06-18 04:56:04,652 - INFO - [application] - SEGMENT_DECRYPTED: at2.enc
2026-06-18 04:56:04,654 - INFO - [application] - SEGMENT_RECEIVED: at2.enc
2026-06-18 04:56:04,662 - INFO - [application] - SEGMENT_DECRYPTED: at3.enc
2026-06-18 04:56:04,663 - INFO - [application] - SEGMENT_RECEIVED: at3.enc
2026-06-18 04:56:04,690 - INFO - [application] - SEGMENT_DECRYPTED: at4.enc
2026-06-18 04:56:04,694 - INFO - [application] - SEGMENT_RECEIVED: at4.enc
2026-06-18 04:56:04,716 - INFO - [application] - SEGMENT_DECRYPTED: at5.enc
2026-06-18 04:56:04,717 - INFO - [application] - SEGMENT_RECEIVED: at5.enc
2026-06-18 04:56:04,717 - INFO - [application] - ASSEMBLY_STARTED
2026-06-18 04:56:04,717 - INFO - [application] - ASSEMBLY_STARTED: Format: mp3, Target: H:\AN TOÀN BẢO MẬT THÔNG TIN\secure-audio-segment-transfer\output\receiver\reconstructed.mp3
2026-06-18 04:56:04,879 - INFO - [application] - ASSEMBLY_COMPLETED: MP3 assembled to H:\AN TOÀN BẢO MẬT THÔNG TIN\secure-audio-segment-transfer\output\receiver\reconstructed.mp3
2026-06-18 04:56:04,886 - INFO - [application] - FINAL_HASH_VERIFIED: HASH MATCH: PASS
2026-06-18 04:56:19,849 - INFO - [application] - TRANSFER_CREATED: Sender: alice, Receiver: bob
2026-06-18 04:56:19,849 - INFO - [application] - INPUT_FILES_VALIDATED: Found 5 valid mp3 files.
2026-06-18 04:56:19,856 - INFO - [application] - SEGMENT_METADATA_READ
2026-06-18 04:56:19,856 - INFO - [application] - REFERENCE_ASSEMBLY_STARTED
2026-06-18 04:56:19,856 - INFO - [application] - ASSEMBLY_STARTED: Format: mp3, Target: H:\AN TOÀN BẢO MẬT THÔNG TIN\secure-audio-segment-transfer\output\reference\original_reference.mp3
2026-06-18 04:56:19,934 - INFO - [application] - ASSEMBLY_COMPLETED: MP3 assembled to H:\AN TOÀN BẢO MẬT THÔNG TIN\secure-audio-segment-transfer\output\reference\original_reference.mp3
2026-06-18 04:56:19,944 - INFO - [application] - REFERENCE_ASSEMBLY_COMPLETED: Hash: f798c8a3b0ab4510a61a7a252bd24486bcb400d5b735cc60a088d2c2aaf4c884
2026-06-18 04:56:19,962 - INFO - [application] - SEGMENT_ENCRYPTED: Segment 1
2026-06-18 04:56:19,962 - INFO - [application] - SEGMENT_ENCRYPTED: Segment 2
2026-06-18 04:56:19,962 - INFO - [application] - SEGMENT_ENCRYPTED: Segment 3
2026-06-18 04:56:19,962 - INFO - [application] - SEGMENT_ENCRYPTED: Segment 4
2026-06-18 04:56:19,962 - INFO - [application] - SEGMENT_ENCRYPTED: Segment 5
2026-06-18 04:56:19,984 - INFO - [application] - MANIFEST_CREATED
2026-06-18 04:56:19,990 - INFO - [application] - SEGMENT_SENT: at1.enc
2026-06-18 04:56:19,990 - INFO - [application] - SEGMENT_SENT: at2.enc
2026-06-18 04:56:19,990 - INFO - [application] - SEGMENT_SENT: at3.enc
2026-06-18 04:56:19,990 - INFO - [application] - SEGMENT_SENT: at4.enc
2026-06-18 04:56:19,997 - INFO - [application] - SEGMENT_SENT: at5.enc
2026-06-18 04:56:19,999 - INFO - [application] - TRANSFER_COMPLETED: Session: f70bb4a4-1817-4c8a-8cfe-9281880bb557, Channel: H:\AN TOÀN BẢO MẬT THÔNG TIN\secure-audio-segment-transfer\output\channel\3410e8f7-9ed3-4b38-9ddd-4533a569507d
2026-06-18 04:56:20,399 - INFO - [application] - RECEIVE_STARTED: Channel: output\channel\3410e8f7-9ed3-4b38-9ddd-4533a569507d
2026-06-18 04:56:20,419 - INFO - [application] - MANIFEST_VERIFIED
2026-06-18 04:56:20,459 - INFO - [application] - SEGMENT_DECRYPTED: at1.enc
2026-06-18 04:56:20,459 - INFO - [application] - SEGMENT_RECEIVED: at1.enc
2026-06-18 04:56:20,472 - INFO - [application] - SEGMENT_DECRYPTED: at2.enc
2026-06-18 04:56:20,472 - INFO - [application] - SEGMENT_RECEIVED: at2.enc
2026-06-18 04:56:20,498 - INFO - [application] - SEGMENT_DECRYPTED: at3.enc
2026-06-18 04:56:20,499 - INFO - [application] - SEGMENT_RECEIVED: at3.enc
2026-06-18 04:56:20,506 - INFO - [application] - SEGMENT_DECRYPTED: at4.enc
2026-06-18 04:56:20,506 - INFO - [application] - SEGMENT_RECEIVED: at4.enc
2026-06-18 04:56:20,539 - INFO - [application] - SEGMENT_DECRYPTED: at5.enc
2026-06-18 04:56:20,544 - INFO - [application] - SEGMENT_RECEIVED: at5.enc
2026-06-18 04:56:20,544 - INFO - [application] - ASSEMBLY_STARTED
2026-06-18 04:56:20,544 - INFO - [application] - ASSEMBLY_STARTED: Format: mp3, Target: H:\AN TOÀN BẢO MẬT THÔNG TIN\secure-audio-segment-transfer\output\receiver\reconstructed.mp3
2026-06-18 04:56:20,727 - INFO - [application] - ASSEMBLY_COMPLETED: MP3 assembled to H:\AN TOÀN BẢO MẬT THÔNG TIN\secure-audio-segment-transfer\output\receiver\reconstructed.mp3
2026-06-18 04:56:20,732 - INFO - [application] - FINAL_HASH_VERIFIED: HASH MATCH: PASS
2026-06-18 04:57:18,325 - INFO - [application] - TRANSFER_CREATED: Sender: alice, Receiver: bob
2026-06-18 04:57:18,325 - INFO - [application] - INPUT_FILES_VALIDATED: Found 5 valid mp3 files.
2026-06-18 04:57:18,329 - INFO - [application] - SEGMENT_METADATA_READ
2026-06-18 04:57:18,329 - INFO - [application] - REFERENCE_ASSEMBLY_STARTED
2026-06-18 04:57:18,329 - INFO - [application] - ASSEMBLY_STARTED: Format: mp3, Target: H:\AN TOÀN BẢO MẬT THÔNG TIN\secure-audio-segment-transfer\output\reference\original_reference.mp3
2026-06-18 04:57:18,384 - INFO - [application] - ASSEMBLY_COMPLETED: MP3 assembled to H:\AN TOÀN BẢO MẬT THÔNG TIN\secure-audio-segment-transfer\output\reference\original_reference.mp3
2026-06-18 04:57:18,394 - INFO - [application] - REFERENCE_ASSEMBLY_COMPLETED: Hash: f798c8a3b0ab4510a61a7a252bd24486bcb400d5b735cc60a088d2c2aaf4c884
2026-06-18 04:57:18,400 - INFO - [application] - SEGMENT_ENCRYPTED: Segment 1
2026-06-18 04:57:18,400 - INFO - [application] - SEGMENT_ENCRYPTED: Segment 2
2026-06-18 04:57:18,400 - INFO - [application] - SEGMENT_ENCRYPTED: Segment 3
2026-06-18 04:57:18,400 - INFO - [application] - SEGMENT_ENCRYPTED: Segment 4
2026-06-18 04:57:18,404 - INFO - [application] - SEGMENT_ENCRYPTED: Segment 5
2026-06-18 04:57:18,414 - INFO - [application] - MANIFEST_CREATED
2026-06-18 04:57:18,414 - INFO - [application] - SEGMENT_SENT: at1.enc
2026-06-18 04:57:18,424 - INFO - [application] - SEGMENT_SENT: at2.enc
2026-06-18 04:57:18,424 - INFO - [application] - SEGMENT_SENT: at3.enc
2026-06-18 04:57:18,426 - INFO - [application] - SEGMENT_SENT: at4.enc
2026-06-18 04:57:18,426 - INFO - [application] - SEGMENT_SENT: at5.enc
2026-06-18 04:57:18,428 - INFO - [application] - TRANSFER_COMPLETED: Session: 2faf8c0a-194f-41da-bae2-c053b14ca996, Channel: H:\AN TOÀN BẢO MẬT THÔNG TIN\secure-audio-segment-transfer\output\channel\38f7d8c7-e562-4dd0-abfa-72d725cb59e0
2026-06-18 04:57:18,430 - INFO - [application] - RECEIVE_STARTED: Channel: H:\AN TOÀN BẢO MẬT THÔNG TIN\secure-audio-segment-transfer\output\channel\38f7d8c7-e562-4dd0-abfa-72d725cb59e0
2026-06-18 04:57:18,448 - INFO - [application] - MANIFEST_VERIFIED
2026-06-18 04:57:18,464 - INFO - [application] - SEGMENT_DECRYPTED: at1.enc
2026-06-18 04:57:18,464 - INFO - [application] - SEGMENT_RECEIVED: at1.enc
2026-06-18 04:57:18,481 - INFO - [application] - SEGMENT_DECRYPTED: at2.enc
2026-06-18 04:57:18,484 - INFO - [application] - SEGMENT_RECEIVED: at2.enc
2026-06-18 04:57:18,500 - INFO - [application] - SEGMENT_DECRYPTED: at3.enc
2026-06-18 04:57:18,500 - INFO - [application] - SEGMENT_RECEIVED: at3.enc
2026-06-18 04:57:18,514 - INFO - [application] - SEGMENT_DECRYPTED: at4.enc
2026-06-18 04:57:18,514 - INFO - [application] - SEGMENT_RECEIVED: at4.enc
2026-06-18 04:57:18,534 - INFO - [application] - SEGMENT_DECRYPTED: at5.enc
2026-06-18 04:57:18,534 - INFO - [application] - SEGMENT_RECEIVED: at5.enc
2026-06-18 04:57:18,534 - INFO - [application] - ASSEMBLY_STARTED
2026-06-18 04:57:18,534 - INFO - [application] - ASSEMBLY_STARTED: Format: mp3, Target: H:\AN TOÀN BẢO MẬT THÔNG TIN\secure-audio-segment-transfer\output\receiver\reconstructed.mp3
2026-06-18 04:57:18,696 - INFO - [application] - ASSEMBLY_COMPLETED: MP3 assembled to H:\AN TOÀN BẢO MẬT THÔNG TIN\secure-audio-segment-transfer\output\receiver\reconstructed.mp3
2026-06-18 04:57:18,706 - INFO - [application] - FINAL_HASH_VERIFIED: HASH MATCH: PASS
2026-06-18 04:57:18,714 - INFO - [application] - TRANSFER_CREATED: Sender: alice, Receiver: bob
2026-06-18 04:57:18,717 - INFO - [application] - INPUT_FILES_VALIDATED: Found 5 valid wav files.
2026-06-18 04:57:18,717 - INFO - [application] - SEGMENT_METADATA_READ
2026-06-18 04:57:18,717 - INFO - [application] - REFERENCE_ASSEMBLY_STARTED
2026-06-18 04:57:18,717 - INFO - [application] - ASSEMBLY_STARTED: Format: wav, Target: H:\AN TOÀN BẢO MẬT THÔNG TIN\secure-audio-segment-transfer\output\reference\original_reference.wav
2026-06-18 04:57:18,722 - INFO - [application] - ASSEMBLY_COMPLETED: WAV assembled to H:\AN TOÀN BẢO MẬT THÔNG TIN\secure-audio-segment-transfer\output\reference\original_reference.wav
2026-06-18 04:57:18,734 - INFO - [application] - REFERENCE_ASSEMBLY_COMPLETED: Hash: c9d0296ccdbf2654e04abadebc54cd0dbf643098f5b3ac63798db31675e48da2
2026-06-18 04:57:18,742 - INFO - [application] - SEGMENT_ENCRYPTED: Segment 1
2026-06-18 04:57:18,744 - INFO - [application] - SEGMENT_ENCRYPTED: Segment 2
2026-06-18 04:57:18,744 - INFO - [application] - SEGMENT_ENCRYPTED: Segment 3
2026-06-18 04:57:18,744 - INFO - [application] - SEGMENT_ENCRYPTED: Segment 4
2026-06-18 04:57:18,754 - INFO - [application] - SEGMENT_ENCRYPTED: Segment 5
2026-06-18 04:57:18,754 - INFO - [application] - MANIFEST_CREATED
2026-06-18 04:57:18,754 - INFO - [application] - SEGMENT_SENT: at1.enc
2026-06-18 04:57:18,754 - INFO - [application] - SEGMENT_SENT: at2.enc
2026-06-18 04:57:18,759 - INFO - [application] - SEGMENT_SENT: at3.enc
2026-06-18 04:57:18,759 - INFO - [application] - SEGMENT_SENT: at4.enc
2026-06-18 04:57:18,759 - INFO - [application] - SEGMENT_SENT: at5.enc
2026-06-18 04:57:18,759 - INFO - [application] - TRANSFER_COMPLETED: Session: 7abb6e9c-bbf1-4dfc-a798-59ff4098c272, Channel: H:\AN TOÀN BẢO MẬT THÔNG TIN\secure-audio-segment-transfer\output\channel\02b45706-1c15-4d11-bdcd-2f5abaea26f2
2026-06-18 04:57:18,764 - INFO - [application] - RECEIVE_STARTED: Channel: H:\AN TOÀN BẢO MẬT THÔNG TIN\secure-audio-segment-transfer\output\channel\02b45706-1c15-4d11-bdcd-2f5abaea26f2
2026-06-18 04:57:18,776 - INFO - [application] - MANIFEST_VERIFIED
2026-06-18 04:57:18,794 - INFO - [application] - SEGMENT_DECRYPTED: at1.enc
2026-06-18 04:57:18,794 - INFO - [application] - SEGMENT_RECEIVED: at1.enc
2026-06-18 04:57:18,814 - INFO - [application] - SEGMENT_DECRYPTED: at2.enc
2026-06-18 04:57:18,814 - INFO - [application] - SEGMENT_RECEIVED: at2.enc
2026-06-18 04:57:18,829 - INFO - [application] - SEGMENT_DECRYPTED: at3.enc
2026-06-18 04:57:18,829 - INFO - [application] - SEGMENT_RECEIVED: at3.enc
2026-06-18 04:57:18,846 - INFO - [application] - SEGMENT_DECRYPTED: at4.enc
2026-06-18 04:57:18,846 - INFO - [application] - SEGMENT_RECEIVED: at4.enc
2026-06-18 04:57:18,859 - INFO - [application] - SEGMENT_DECRYPTED: at5.enc
2026-06-18 04:57:18,863 - INFO - [application] - SEGMENT_RECEIVED: at5.enc
2026-06-18 04:57:18,863 - INFO - [application] - ASSEMBLY_STARTED
2026-06-18 04:57:18,863 - INFO - [application] - ASSEMBLY_STARTED: Format: wav, Target: H:\AN TOÀN BẢO MẬT THÔNG TIN\secure-audio-segment-transfer\output\receiver\reconstructed.wav
2026-06-18 04:57:18,954 - INFO - [application] - ASSEMBLY_COMPLETED: WAV assembled to H:\AN TOÀN BẢO MẬT THÔNG TIN\secure-audio-segment-transfer\output\receiver\reconstructed.wav
2026-06-18 04:57:18,972 - INFO - [application] - FINAL_HASH_VERIFIED: HASH MATCH: PASS
2026-06-18 04:57:34,737 - INFO - [application] - TRANSFER_CREATED: Sender: alice, Receiver: bob
2026-06-18 04:57:34,738 - INFO - [application] - INPUT_FILES_VALIDATED: Found 5 valid mp3 files.
2026-06-18 04:57:34,740 - INFO - [application] - SEGMENT_METADATA_READ
2026-06-18 04:57:34,740 - INFO - [application] - REFERENCE_ASSEMBLY_STARTED
2026-06-18 04:57:34,740 - INFO - [application] - ASSEMBLY_STARTED: Format: mp3, Target: H:\AN TOÀN BẢO MẬT THÔNG TIN\secure-audio-segment-transfer\output\reference\original_reference.mp3
2026-06-18 04:57:34,804 - INFO - [application] - ASSEMBLY_COMPLETED: MP3 assembled to H:\AN TOÀN BẢO MẬT THÔNG TIN\secure-audio-segment-transfer\output\reference\original_reference.mp3
2026-06-18 04:57:34,809 - INFO - [application] - REFERENCE_ASSEMBLY_COMPLETED: Hash: f798c8a3b0ab4510a61a7a252bd24486bcb400d5b735cc60a088d2c2aaf4c884
2026-06-18 04:57:34,814 - INFO - [application] - SEGMENT_ENCRYPTED: Segment 1
2026-06-18 04:57:34,814 - INFO - [application] - SEGMENT_ENCRYPTED: Segment 2
2026-06-18 04:57:34,817 - INFO - [application] - SEGMENT_ENCRYPTED: Segment 3
2026-06-18 04:57:34,818 - INFO - [application] - SEGMENT_ENCRYPTED: Segment 4
2026-06-18 04:57:34,818 - INFO - [application] - SEGMENT_ENCRYPTED: Segment 5
2026-06-18 04:57:34,818 - INFO - [application] - MANIFEST_CREATED
2026-06-18 04:57:34,818 - INFO - [application] - SEGMENT_SENT: at1.enc
2026-06-18 04:57:34,818 - INFO - [application] - SEGMENT_SENT: at2.enc
2026-06-18 04:57:34,824 - INFO - [application] - SEGMENT_SENT: at3.enc
2026-06-18 04:57:34,824 - INFO - [application] - SEGMENT_SENT: at4.enc
2026-06-18 04:57:34,824 - INFO - [application] - SEGMENT_SENT: at5.enc
2026-06-18 04:57:34,824 - INFO - [application] - TRANSFER_COMPLETED: Session: 7d62a868-b1b7-4145-81dd-59883af183c5, Channel: H:\AN TOÀN BẢO MẬT THÔNG TIN\secure-audio-segment-transfer\output\channel\1bcbe791-118c-452d-a4a5-241eee1883bf
2026-06-18 04:57:34,827 - INFO - [application] - RECEIVE_STARTED: Channel: H:\AN TOÀN BẢO MẬT THÔNG TIN\secure-audio-segment-transfer\output\channel\1bcbe791-118c-452d-a4a5-241eee1883bf
2026-06-18 04:57:34,844 - INFO - [application] - MANIFEST_VERIFIED
2026-06-18 04:57:34,868 - INFO - [application] - SEGMENT_DECRYPTED: at1.enc
2026-06-18 04:57:34,868 - INFO - [application] - SEGMENT_RECEIVED: at1.enc
2026-06-18 04:57:34,885 - INFO - [application] - SEGMENT_DECRYPTED: at2.enc
2026-06-18 04:57:34,885 - INFO - [application] - SEGMENT_RECEIVED: at2.enc
2026-06-18 04:57:34,904 - INFO - [application] - SEGMENT_DECRYPTED: at3.enc
2026-06-18 04:57:34,904 - INFO - [application] - SEGMENT_RECEIVED: at3.enc
2026-06-18 04:57:34,924 - INFO - [application] - SEGMENT_DECRYPTED: at4.enc
2026-06-18 04:57:34,928 - INFO - [application] - SEGMENT_RECEIVED: at4.enc
2026-06-18 04:57:34,944 - INFO - [application] - SEGMENT_DECRYPTED: at5.enc
2026-06-18 04:57:34,944 - INFO - [application] - SEGMENT_RECEIVED: at5.enc
2026-06-18 04:57:34,944 - INFO - [application] - ASSEMBLY_STARTED
2026-06-18 04:57:34,944 - INFO - [application] - ASSEMBLY_STARTED: Format: mp3, Target: H:\AN TOÀN BẢO MẬT THÔNG TIN\secure-audio-segment-transfer\output\receiver\reconstructed.mp3
2026-06-18 04:57:35,098 - INFO - [application] - ASSEMBLY_COMPLETED: MP3 assembled to H:\AN TOÀN BẢO MẬT THÔNG TIN\secure-audio-segment-transfer\output\receiver\reconstructed.mp3
2026-06-18 04:57:35,106 - INFO - [application] - FINAL_HASH_VERIFIED: HASH MATCH: PASS
2026-06-18 04:57:35,115 - INFO - [application] - TRANSFER_CREATED: Sender: alice, Receiver: bob
2026-06-18 04:57:35,116 - INFO - [application] - INPUT_FILES_VALIDATED: Found 5 valid wav files.
2026-06-18 04:57:35,116 - INFO - [application] - SEGMENT_METADATA_READ
2026-06-18 04:57:35,116 - INFO - [application] - REFERENCE_ASSEMBLY_STARTED
2026-06-18 04:57:35,116 - INFO - [application] - ASSEMBLY_STARTED: Format: wav, Target: H:\AN TOÀN BẢO MẬT THÔNG TIN\secure-audio-segment-transfer\output\reference\original_reference.wav
2026-06-18 04:57:35,124 - INFO - [application] - ASSEMBLY_COMPLETED: WAV assembled to H:\AN TOÀN BẢO MẬT THÔNG TIN\secure-audio-segment-transfer\output\reference\original_reference.wav
2026-06-18 04:57:35,144 - INFO - [application] - REFERENCE_ASSEMBLY_COMPLETED: Hash: c9d0296ccdbf2654e04abadebc54cd0dbf643098f5b3ac63798db31675e48da2
2026-06-18 04:57:35,144 - INFO - [application] - SEGMENT_ENCRYPTED: Segment 1
2026-06-18 04:57:35,150 - INFO - [application] - SEGMENT_ENCRYPTED: Segment 2
2026-06-18 04:57:35,154 - INFO - [application] - SEGMENT_ENCRYPTED: Segment 3
2026-06-18 04:57:35,156 - INFO - [application] - SEGMENT_ENCRYPTED: Segment 4
2026-06-18 04:57:35,158 - INFO - [application] - SEGMENT_ENCRYPTED: Segment 5
2026-06-18 04:57:35,158 - INFO - [application] - MANIFEST_CREATED
2026-06-18 04:57:35,158 - INFO - [application] - SEGMENT_SENT: at1.enc
2026-06-18 04:57:35,158 - INFO - [application] - SEGMENT_SENT: at2.enc
2026-06-18 04:57:35,158 - INFO - [application] - SEGMENT_SENT: at3.enc
2026-06-18 04:57:35,164 - INFO - [application] - SEGMENT_SENT: at4.enc
2026-06-18 04:57:35,164 - INFO - [application] - SEGMENT_SENT: at5.enc
2026-06-18 04:57:35,164 - INFO - [application] - TRANSFER_COMPLETED: Session: c869b5ac-2321-4f84-8ed5-49c378fd543f, Channel: H:\AN TOÀN BẢO MẬT THÔNG TIN\secure-audio-segment-transfer\output\channel\6d08f556-a1b2-46e4-a02d-34b67e668e10
2026-06-18 04:57:35,167 - INFO - [application] - RECEIVE_STARTED: Channel: H:\AN TOÀN BẢO MẬT THÔNG TIN\secure-audio-segment-transfer\output\channel\6d08f556-a1b2-46e4-a02d-34b67e668e10
2026-06-18 04:57:35,183 - INFO - [application] - MANIFEST_VERIFIED
2026-06-18 04:57:35,204 - INFO - [application] - SEGMENT_DECRYPTED: at1.enc
2026-06-18 04:57:35,204 - INFO - [application] - SEGMENT_RECEIVED: at1.enc
2026-06-18 04:57:35,218 - INFO - [application] - SEGMENT_DECRYPTED: at2.enc
2026-06-18 04:57:35,224 - INFO - [application] - SEGMENT_RECEIVED: at2.enc
2026-06-18 04:57:35,235 - INFO - [application] - SEGMENT_DECRYPTED: at3.enc
2026-06-18 04:57:35,235 - INFO - [application] - SEGMENT_RECEIVED: at3.enc
2026-06-18 04:57:35,254 - INFO - [application] - SEGMENT_DECRYPTED: at4.enc
2026-06-18 04:57:35,254 - INFO - [application] - SEGMENT_RECEIVED: at4.enc
2026-06-18 04:57:35,269 - INFO - [application] - SEGMENT_DECRYPTED: at5.enc
2026-06-18 04:57:35,274 - INFO - [application] - SEGMENT_RECEIVED: at5.enc
2026-06-18 04:57:35,274 - INFO - [application] - ASSEMBLY_STARTED
2026-06-18 04:57:35,274 - INFO - [application] - ASSEMBLY_STARTED: Format: wav, Target: H:\AN TOÀN BẢO MẬT THÔNG TIN\secure-audio-segment-transfer\output\receiver\reconstructed.wav
2026-06-18 04:57:35,349 - INFO - [application] - ASSEMBLY_COMPLETED: WAV assembled to H:\AN TOÀN BẢO MẬT THÔNG TIN\secure-audio-segment-transfer\output\receiver\reconstructed.wav
2026-06-18 04:57:35,368 - INFO - [application] - FINAL_HASH_VERIFIED: HASH MATCH: PASS
2026-06-18 05:01:18,374 - INFO - [application] - TRANSFER_CREATED: Sender: alice, Receiver: bob
2026-06-18 05:01:18,374 - INFO - [application] - INPUT_FILES_VALIDATED: Found 5 valid mp3 files.
2026-06-18 05:01:18,374 - INFO - [application] - SEGMENT_METADATA_READ
2026-06-18 05:01:18,374 - INFO - [application] - REFERENCE_ASSEMBLY_STARTED
2026-06-18 05:01:18,374 - INFO - [application] - ASSEMBLY_STARTED: Format: mp3, Target: H:\AN TOÀN BẢO MẬT THÔNG TIN\secure-audio-segment-transfer\output\reference\original_reference.mp3
2026-06-18 05:01:18,444 - INFO - [application] - ASSEMBLY_COMPLETED: MP3 assembled to H:\AN TOÀN BẢO MẬT THÔNG TIN\secure-audio-segment-transfer\output\reference\original_reference.mp3
2026-06-18 05:01:18,456 - INFO - [application] - REFERENCE_ASSEMBLY_COMPLETED: Hash: f798c8a3b0ab4510a61a7a252bd24486bcb400d5b735cc60a088d2c2aaf4c884
2026-06-18 05:01:18,476 - INFO - [application] - SEGMENT_ENCRYPTED: Segment 1
2026-06-18 05:01:18,476 - INFO - [application] - SEGMENT_ENCRYPTED: Segment 2
2026-06-18 05:01:18,476 - INFO - [application] - SEGMENT_ENCRYPTED: Segment 3
2026-06-18 05:01:18,476 - INFO - [application] - SEGMENT_ENCRYPTED: Segment 4
2026-06-18 05:01:18,476 - INFO - [application] - SEGMENT_ENCRYPTED: Segment 5
2026-06-18 05:01:18,494 - INFO - [application] - MANIFEST_CREATED
2026-06-18 05:01:18,500 - INFO - [application] - SEGMENT_SENT: at1.enc
2026-06-18 05:01:18,500 - INFO - [application] - SEGMENT_SENT: at2.enc
2026-06-18 05:01:18,500 - INFO - [application] - SEGMENT_SENT: at3.enc
2026-06-18 05:01:18,500 - INFO - [application] - SEGMENT_SENT: at4.enc
2026-06-18 05:01:18,500 - INFO - [application] - SEGMENT_SENT: at5.enc
2026-06-18 05:01:18,500 - INFO - [application] - TRANSFER_COMPLETED: Session: ec60853f-3c1a-48a0-8414-aa76af67d18c, Channel: H:\AN TOÀN BẢO MẬT THÔNG TIN\secure-audio-segment-transfer\output\channel\c6b40fc0-1b3c-4675-b4e2-06676b58c3e8
2026-06-18 05:01:18,854 - INFO - [application] - RECEIVE_STARTED: Channel: output\channel\c6b40fc0-1b3c-4675-b4e2-06676b58c3e8
2026-06-18 05:01:18,864 - INFO - [application] - MANIFEST_VERIFIED
2026-06-18 05:01:18,894 - INFO - [application] - SEGMENT_DECRYPTED: at1.enc
2026-06-18 05:01:18,899 - INFO - [application] - SEGMENT_RECEIVED: at1.enc
2026-06-18 05:01:18,924 - INFO - [application] - SEGMENT_DECRYPTED: at2.enc
2026-06-18 05:01:18,924 - INFO - [application] - SEGMENT_RECEIVED: at2.enc
2026-06-18 05:01:18,944 - INFO - [application] - SEGMENT_DECRYPTED: at3.enc
2026-06-18 05:01:18,944 - INFO - [application] - SEGMENT_RECEIVED: at3.enc
2026-06-18 05:01:18,956 - INFO - [application] - SEGMENT_DECRYPTED: at4.enc
2026-06-18 05:01:18,956 - INFO - [application] - SEGMENT_RECEIVED: at4.enc
2026-06-18 05:01:19,256 - INFO - [application] - SEGMENT_DECRYPTED: at5.enc
2026-06-18 05:01:19,256 - INFO - [application] - SEGMENT_RECEIVED: at5.enc
2026-06-18 05:01:19,256 - INFO - [application] - ASSEMBLY_STARTED
2026-06-18 05:01:19,256 - INFO - [application] - ASSEMBLY_STARTED: Format: mp3, Target: H:\AN TOÀN BẢO MẬT THÔNG TIN\secure-audio-segment-transfer\output\receiver\reconstructed.mp3
2026-06-18 05:01:19,444 - INFO - [application] - ASSEMBLY_COMPLETED: MP3 assembled to H:\AN TOÀN BẢO MẬT THÔNG TIN\secure-audio-segment-transfer\output\receiver\reconstructed.mp3
2026-06-18 05:01:19,456 - INFO - [application] - FINAL_HASH_VERIFIED: HASH MATCH: PASS
2026-06-18 05:02:34,865 - INFO - [application] - TRANSFER_CREATED: Sender: alice, Receiver: bob
2026-06-18 05:02:34,866 - INFO - [application] - INPUT_FILES_VALIDATED: Found 5 valid mp3 files.
2026-06-18 05:02:34,870 - INFO - [application] - SEGMENT_METADATA_READ
2026-06-18 05:02:34,870 - INFO - [application] - REFERENCE_ASSEMBLY_STARTED
2026-06-18 05:02:34,870 - INFO - [application] - ASSEMBLY_STARTED: Format: mp3, Target: H:\AN TOÀN BẢO MẬT THÔNG TIN\secure-audio-segment-transfer\output\reference\original_reference.mp3
2026-06-18 05:02:34,930 - INFO - [application] - ASSEMBLY_COMPLETED: MP3 assembled to H:\AN TOÀN BẢO MẬT THÔNG TIN\secure-audio-segment-transfer\output\reference\original_reference.mp3
2026-06-18 05:02:34,942 - INFO - [application] - REFERENCE_ASSEMBLY_COMPLETED: Hash: f798c8a3b0ab4510a61a7a252bd24486bcb400d5b735cc60a088d2c2aaf4c884
2026-06-18 05:02:34,957 - INFO - [application] - SEGMENT_ENCRYPTED: Segment 1
2026-06-18 05:02:34,958 - INFO - [application] - SEGMENT_ENCRYPTED: Segment 2
2026-06-18 05:02:34,958 - INFO - [application] - SEGMENT_ENCRYPTED: Segment 3
2026-06-18 05:02:34,959 - INFO - [application] - SEGMENT_ENCRYPTED: Segment 4
2026-06-18 05:02:34,960 - INFO - [application] - SEGMENT_ENCRYPTED: Segment 5
2026-06-18 05:02:34,977 - INFO - [application] - MANIFEST_CREATED
2026-06-18 05:02:34,979 - INFO - [application] - SEGMENT_SENT: at1.enc
2026-06-18 05:02:34,980 - INFO - [application] - SEGMENT_SENT: at2.enc
2026-06-18 05:02:34,981 - INFO - [application] - SEGMENT_SENT: at3.enc
2026-06-18 05:02:34,982 - INFO - [application] - SEGMENT_SENT: at4.enc
2026-06-18 05:02:34,982 - INFO - [application] - SEGMENT_SENT: at5.enc
2026-06-18 05:02:34,983 - INFO - [application] - TRANSFER_COMPLETED: Session: 6513e522-72c5-4e7b-a1e2-f786e57f6b1f, Channel: H:\AN TOÀN BẢO MẬT THÔNG TIN\secure-audio-segment-transfer\output\channel\802d665f-98c6-456f-8869-8abf9f8a1a03
2026-06-18 05:02:35,316 - INFO - [application] - RECEIVE_STARTED: Channel: output\channel\802d665f-98c6-456f-8869-8abf9f8a1a03
2026-06-18 05:02:35,334 - INFO - [application] - MANIFEST_VERIFIED
2026-06-18 05:02:35,368 - INFO - [application] - SEGMENT_DECRYPTED: at1.enc
2026-06-18 05:02:35,369 - INFO - [application] - SEGMENT_RECEIVED: at1.enc
2026-06-18 05:02:35,383 - INFO - [application] - SEGMENT_DECRYPTED: at2.enc
2026-06-18 05:02:35,384 - INFO - [application] - SEGMENT_RECEIVED: at2.enc
2026-06-18 05:02:35,401 - INFO - [application] - SEGMENT_DECRYPTED: at3.enc
2026-06-18 05:02:35,402 - INFO - [application] - SEGMENT_RECEIVED: at3.enc
2026-06-18 05:02:35,419 - INFO - [application] - SEGMENT_DECRYPTED: at4.enc
2026-06-18 05:02:35,420 - INFO - [application] - SEGMENT_RECEIVED: at4.enc
2026-06-18 05:02:35,440 - INFO - [application] - SEGMENT_DECRYPTED: at5.enc
2026-06-18 05:02:35,441 - INFO - [application] - SEGMENT_RECEIVED: at5.enc
2026-06-18 05:02:35,441 - INFO - [application] - ASSEMBLY_STARTED
2026-06-18 05:02:35,441 - INFO - [application] - ASSEMBLY_STARTED: Format: mp3, Target: H:\AN TOÀN BẢO MẬT THÔNG TIN\secure-audio-segment-transfer\output\receiver\reconstructed.mp3
2026-06-18 05:02:35,585 - INFO - [application] - ASSEMBLY_COMPLETED: MP3 assembled to H:\AN TOÀN BẢO MẬT THÔNG TIN\secure-audio-segment-transfer\output\receiver\reconstructed.mp3
2026-06-18 05:02:35,590 - INFO - [application] - FINAL_HASH_VERIFIED: HASH MATCH: PASS
2026-06-18 05:16:18,937 - INFO - [application] - TRANSFER_CREATED: Sender: alice, Receiver: bob
2026-06-18 05:16:19,049 - INFO - [application] - INPUT_FILES_VALIDATED: Found 5 valid mp3 files.
2026-06-18 05:16:19,072 - INFO - [application] - SEGMENT_METADATA_READ
2026-06-18 05:16:19,072 - INFO - [application] - REFERENCE_ASSEMBLY_STARTED
2026-06-18 05:16:19,073 - INFO - [application] - ASSEMBLY_STARTED: Format: mp3, Target: H:\AN TOÀN BẢO MẬT THÔNG TIN\secure-audio-segment-transfer\output\reference\original_reference.mp3
2026-06-18 05:16:19,342 - INFO - [application] - ASSEMBLY_COMPLETED: MP3 assembled to H:\AN TOÀN BẢO MẬT THÔNG TIN\secure-audio-segment-transfer\output\reference\original_reference.mp3
2026-06-18 05:16:19,349 - INFO - [application] - REFERENCE_ASSEMBLY_COMPLETED: Hash: f798c8a3b0ab4510a61a7a252bd24486bcb400d5b735cc60a088d2c2aaf4c884
2026-06-18 05:16:19,383 - INFO - [application] - SEGMENT_ENCRYPTED: Segment 1
2026-06-18 05:16:19,388 - INFO - [application] - SEGMENT_ENCRYPTED: Segment 2
2026-06-18 05:16:19,393 - INFO - [application] - SEGMENT_ENCRYPTED: Segment 3
2026-06-18 05:16:19,396 - INFO - [application] - SEGMENT_ENCRYPTED: Segment 4
2026-06-18 05:16:19,401 - INFO - [application] - SEGMENT_ENCRYPTED: Segment 5
2026-06-18 05:16:19,413 - INFO - [application] - MANIFEST_CREATED
2026-06-18 05:16:19,420 - INFO - [application] - SEGMENT_SENT: at1.enc
2026-06-18 05:16:19,422 - INFO - [application] - SEGMENT_SENT: at2.enc
2026-06-18 05:16:19,423 - INFO - [application] - SEGMENT_SENT: at3.enc
2026-06-18 05:16:19,424 - INFO - [application] - SEGMENT_SENT: at4.enc
2026-06-18 05:16:19,429 - INFO - [application] - SEGMENT_SENT: at5.enc
2026-06-18 05:16:19,433 - INFO - [application] - TRANSFER_COMPLETED: Session: f2534e3c-8092-48e4-9ed2-daeecb5d7c53, Channel: H:\AN TOÀN BẢO MẬT THÔNG TIN\secure-audio-segment-transfer\output\channel\7bdd9a15-3a0b-4c9f-899e-cfbd13541527
2026-06-18 05:16:32,652 - INFO - [application] - RECEIVE_STARTED: Channel: H:\AN TOÀN BẢO MẬT THÔNG TIN\secure-audio-segment-transfer\output\channel\064e8d26-3464-4e2f-8252-9d2ed9a68f3e
2026-06-18 05:16:32,657 - INFO - [application] - MANIFEST_VERIFIED
2026-06-18 05:16:32,726 - INFO - [application] - SEGMENT_DECRYPTED: at1.enc
2026-06-18 05:16:32,726 - INFO - [application] - SEGMENT_RECEIVED: at1.enc
2026-06-18 05:16:32,763 - INFO - [application] - SEGMENT_DECRYPTED: at2.enc
2026-06-18 05:16:32,767 - INFO - [application] - SEGMENT_RECEIVED: at2.enc
2026-06-18 05:16:32,795 - INFO - [application] - SEGMENT_DECRYPTED: at3.enc
2026-06-18 05:16:32,797 - INFO - [application] - SEGMENT_RECEIVED: at3.enc
2026-06-18 05:16:32,826 - INFO - [application] - SEGMENT_DECRYPTED: at4.enc
2026-06-18 05:16:32,828 - INFO - [application] - SEGMENT_RECEIVED: at4.enc
2026-06-18 05:16:32,849 - INFO - [application] - SEGMENT_DECRYPTED: at5.enc
2026-06-18 05:16:32,852 - INFO - [application] - SEGMENT_RECEIVED: at5.enc
2026-06-18 05:16:32,852 - INFO - [application] - ASSEMBLY_STARTED
2026-06-18 05:16:32,852 - INFO - [application] - ASSEMBLY_STARTED: Format: mp3, Target: H:\AN TOÀN BẢO MẬT THÔNG TIN\secure-audio-segment-transfer\output\receiver\reconstructed.mp3
2026-06-18 05:16:33,014 - INFO - [application] - ASSEMBLY_COMPLETED: MP3 assembled to H:\AN TOÀN BẢO MẬT THÔNG TIN\secure-audio-segment-transfer\output\receiver\reconstructed.mp3
2026-06-18 05:16:33,027 - INFO - [application] - FINAL_HASH_VERIFIED: HASH MATCH: PASS
2026-06-18 05:16:47,193 - INFO - [application] - RECEIVE_STARTED: Channel: H:\AN TOÀN BẢO MẬT THÔNG TIN\secure-audio-segment-transfer\output\channel\064e8d26-3464-4e2f-8252-9d2ed9a68f3e
2026-06-18 05:16:47,195 - INFO - [application] - MANIFEST_VERIFIED
2026-06-18 05:16:47,204 - INFO - [application] - TRANSFER_FAILED: Replay attack detected: Session f2534e3c-8092-48e4-9ed2-daeecb5d7c53 already completed.
2026-06-18 05:17:44,144 - INFO - [application] - TRANSFER_CREATED: Sender: alice, Receiver: bob
2026-06-18 05:17:44,249 - INFO - [application] - INPUT_FILES_VALIDATED: Found 5 valid mp3 files.
2026-06-18 05:17:44,259 - INFO - [application] - SEGMENT_METADATA_READ
2026-06-18 05:17:44,259 - INFO - [application] - REFERENCE_ASSEMBLY_STARTED
2026-06-18 05:17:44,259 - INFO - [application] - ASSEMBLY_STARTED: Format: mp3, Target: H:\AN TOÀN BẢO MẬT THÔNG TIN\secure-audio-segment-transfer\output\reference\original_reference.mp3
2026-06-18 05:17:44,355 - INFO - [application] - ASSEMBLY_COMPLETED: MP3 assembled to H:\AN TOÀN BẢO MẬT THÔNG TIN\secure-audio-segment-transfer\output\reference\original_reference.mp3
2026-06-18 05:17:44,363 - INFO - [application] - REFERENCE_ASSEMBLY_COMPLETED: Hash: f798c8a3b0ab4510a61a7a252bd24486bcb400d5b735cc60a088d2c2aaf4c884
2026-06-18 05:17:44,364 - INFO - [application] - SEGMENT_ENCRYPTED: Segment 1
2026-06-18 05:17:44,364 - INFO - [application] - SEGMENT_ENCRYPTED: Segment 2
2026-06-18 05:17:44,374 - INFO - [application] - SEGMENT_ENCRYPTED: Segment 3
2026-06-18 05:17:44,374 - INFO - [application] - SEGMENT_ENCRYPTED: Segment 4
2026-06-18 05:17:44,379 - INFO - [application] - SEGMENT_ENCRYPTED: Segment 5
2026-06-18 05:17:44,381 - INFO - [application] - MANIFEST_CREATED
2026-06-18 05:17:44,384 - INFO - [application] - SEGMENT_SENT: at1.enc
2026-06-18 05:17:44,384 - INFO - [application] - SEGMENT_SENT: at2.enc
2026-06-18 05:17:44,384 - INFO - [application] - SEGMENT_SENT: at3.enc
2026-06-18 05:17:44,395 - INFO - [application] - SEGMENT_SENT: at4.enc
2026-06-18 05:17:44,398 - INFO - [application] - SEGMENT_SENT: at5.enc
2026-06-18 05:17:44,400 - INFO - [application] - TRANSFER_COMPLETED: Session: 7bfe3fee-98dd-403a-b123-3290d5ae5826, Channel: H:\AN TOÀN BẢO MẬT THÔNG TIN\secure-audio-segment-transfer\output\channel\68ece590-73cf-4e53-a0bb-f684b9c9135c
2026-06-18 05:17:46,610 - INFO - [application] - RECEIVE_STARTED: Channel: H:\AN TOÀN BẢO MẬT THÔNG TIN\secure-audio-segment-transfer\output\channel\3d8e778e-4059-4193-a6b0-2b1464e5a399
2026-06-18 05:17:46,627 - INFO - [application] - MANIFEST_VERIFIED
2026-06-18 05:17:46,678 - INFO - [application] - SEGMENT_DECRYPTED: at1.enc
2026-06-18 05:17:46,681 - INFO - [application] - SEGMENT_RECEIVED: at1.enc
2026-06-18 05:17:46,704 - INFO - [application] - SEGMENT_DECRYPTED: at2.enc
2026-06-18 05:17:46,704 - INFO - [application] - SEGMENT_RECEIVED: at2.enc
2026-06-18 05:17:46,729 - INFO - [application] - SEGMENT_DECRYPTED: at3.enc
2026-06-18 05:17:46,735 - INFO - [application] - SEGMENT_RECEIVED: at3.enc
2026-06-18 05:17:46,759 - INFO - [application] - SEGMENT_DECRYPTED: at4.enc
2026-06-18 05:17:46,761 - INFO - [application] - SEGMENT_RECEIVED: at4.enc
2026-06-18 05:17:46,779 - INFO - [application] - SEGMENT_DECRYPTED: at5.enc
2026-06-18 05:17:46,783 - INFO - [application] - SEGMENT_RECEIVED: at5.enc
2026-06-18 05:17:46,783 - INFO - [application] - ASSEMBLY_STARTED
2026-06-18 05:17:46,783 - INFO - [application] - ASSEMBLY_STARTED: Format: mp3, Target: H:\AN TOÀN BẢO MẬT THÔNG TIN\secure-audio-segment-transfer\output\receiver\reconstructed.mp3
2026-06-18 05:17:46,954 - INFO - [application] - ASSEMBLY_COMPLETED: MP3 assembled to H:\AN TOÀN BẢO MẬT THÔNG TIN\secure-audio-segment-transfer\output\receiver\reconstructed.mp3
2026-06-18 05:17:46,968 - INFO - [application] - FINAL_HASH_VERIFIED: HASH MATCH: PASS
2026-06-18 05:17:58,704 - INFO - [application] - TRANSFER_CREATED: Sender: alice, Receiver: bob
2026-06-18 05:17:58,708 - INFO - [application] - INPUT_FILES_VALIDATED: Found 5 valid mp3 files.
2026-06-18 05:17:58,718 - INFO - [application] - SEGMENT_METADATA_READ
2026-06-18 05:17:58,719 - INFO - [application] - REFERENCE_ASSEMBLY_STARTED
2026-06-18 05:17:58,719 - INFO - [application] - ASSEMBLY_STARTED: Format: mp3, Target: H:\AN TOÀN BẢO MẬT THÔNG TIN\secure-audio-segment-transfer\output\reference\original_reference.mp3
2026-06-18 05:17:58,816 - INFO - [application] - ASSEMBLY_COMPLETED: MP3 assembled to H:\AN TOÀN BẢO MẬT THÔNG TIN\secure-audio-segment-transfer\output\reference\original_reference.mp3
2026-06-18 05:17:58,824 - INFO - [application] - REFERENCE_ASSEMBLY_COMPLETED: Hash: f798c8a3b0ab4510a61a7a252bd24486bcb400d5b735cc60a088d2c2aaf4c884
2026-06-18 05:17:58,824 - INFO - [application] - SEGMENT_ENCRYPTED: Segment 1
2026-06-18 05:17:58,839 - INFO - [application] - SEGMENT_ENCRYPTED: Segment 2
2026-06-18 05:17:58,841 - INFO - [application] - SEGMENT_ENCRYPTED: Segment 3
2026-06-18 05:17:58,844 - INFO - [application] - SEGMENT_ENCRYPTED: Segment 4
2026-06-18 05:17:58,848 - INFO - [application] - SEGMENT_ENCRYPTED: Segment 5
2026-06-18 05:17:58,859 - INFO - [application] - MANIFEST_CREATED
2026-06-18 05:17:58,864 - INFO - [application] - SEGMENT_SENT: at1.enc
2026-06-18 05:17:58,865 - INFO - [application] - SEGMENT_SENT: at2.enc
2026-06-18 05:17:58,867 - INFO - [application] - SEGMENT_SENT: at3.enc
2026-06-18 05:17:58,868 - INFO - [application] - SEGMENT_SENT: at4.enc
2026-06-18 05:17:58,869 - INFO - [application] - SEGMENT_SENT: at5.enc
2026-06-18 05:17:58,870 - INFO - [application] - TRANSFER_COMPLETED: Session: 5b164c3d-a2b1-4ab7-969b-8624f184eb57, Channel: H:\AN TOÀN BẢO MẬT THÔNG TIN\secure-audio-segment-transfer\output\channel\9bed3825-c91f-49ac-be33-4196b31f70b9
2026-06-18 05:17:58,879 - INFO - [application] - RECEIVE_STARTED: Channel: H:\AN TOÀN BẢO MẬT THÔNG TIN\secure-audio-segment-transfer\output\channel\9bed3825-c91f-49ac-be33-4196b31f70b9
2026-06-18 05:17:58,898 - INFO - [application] - MANIFEST_VERIFIED
2026-06-18 05:17:58,918 - INFO - [application] - SEGMENT_DECRYPTED: at1.enc
2026-06-18 05:17:58,924 - INFO - [application] - SEGMENT_RECEIVED: at1.enc
2026-06-18 05:17:58,944 - INFO - [application] - SEGMENT_DECRYPTED: at2.enc
2026-06-18 05:17:58,944 - INFO - [application] - SEGMENT_RECEIVED: at2.enc
2026-06-18 05:17:58,966 - INFO - [application] - SEGMENT_DECRYPTED: at3.enc
2026-06-18 05:17:58,966 - INFO - [application] - SEGMENT_RECEIVED: at3.enc
2026-06-18 05:17:58,994 - INFO - [application] - SEGMENT_DECRYPTED: at4.enc
2026-06-18 05:17:58,994 - INFO - [application] - SEGMENT_RECEIVED: at4.enc
2026-06-18 05:17:59,024 - INFO - [application] - SEGMENT_DECRYPTED: at5.enc
2026-06-18 05:17:59,029 - INFO - [application] - SEGMENT_RECEIVED: at5.enc
2026-06-18 05:17:59,029 - INFO - [application] - ASSEMBLY_STARTED
2026-06-18 05:17:59,029 - INFO - [application] - ASSEMBLY_STARTED: Format: mp3, Target: H:\AN TOÀN BẢO MẬT THÔNG TIN\secure-audio-segment-transfer\output\receiver\reconstructed.mp3
2026-06-18 05:17:59,181 - INFO - [application] - ASSEMBLY_COMPLETED: MP3 assembled to H:\AN TOÀN BẢO MẬT THÔNG TIN\secure-audio-segment-transfer\output\receiver\reconstructed.mp3
2026-06-18 05:17:59,187 - INFO - [application] - FINAL_HASH_VERIFIED: HASH MATCH: PASS
2026-06-18 05:17:59,210 - INFO - [application] - TRANSFER_CREATED: Sender: alice, Receiver: bob
2026-06-18 05:17:59,212 - INFO - [application] - INPUT_FILES_VALIDATED: Found 5 valid wav files.
2026-06-18 05:17:59,215 - INFO - [application] - SEGMENT_METADATA_READ
2026-06-18 05:17:59,215 - INFO - [application] - REFERENCE_ASSEMBLY_STARTED
2026-06-18 05:17:59,216 - INFO - [application] - ASSEMBLY_STARTED: Format: wav, Target: H:\AN TOÀN BẢO MẬT THÔNG TIN\secure-audio-segment-transfer\output\reference\original_reference.wav
2026-06-18 05:17:59,232 - INFO - [application] - ASSEMBLY_COMPLETED: WAV assembled to H:\AN TOÀN BẢO MẬT THÔNG TIN\secure-audio-segment-transfer\output\reference\original_reference.wav
2026-06-18 05:17:59,255 - INFO - [application] - REFERENCE_ASSEMBLY_COMPLETED: Hash: c9d0296ccdbf2654e04abadebc54cd0dbf643098f5b3ac63798db31675e48da2
2026-06-18 05:17:59,259 - INFO - [application] - SEGMENT_ENCRYPTED: Segment 1
2026-06-18 05:17:59,267 - INFO - [application] - SEGMENT_ENCRYPTED: Segment 2
2026-06-18 05:17:59,279 - INFO - [application] - SEGMENT_ENCRYPTED: Segment 3
2026-06-18 05:17:59,298 - INFO - [application] - SEGMENT_ENCRYPTED: Segment 4
2026-06-18 05:17:59,364 - INFO - [application] - SEGMENT_ENCRYPTED: Segment 5
2026-06-18 05:17:59,374 - INFO - [application] - MANIFEST_CREATED
2026-06-18 05:17:59,401 - INFO - [application] - SEGMENT_SENT: at1.enc
2026-06-18 05:17:59,412 - INFO - [application] - SEGMENT_SENT: at2.enc
2026-06-18 05:17:59,419 - INFO - [application] - SEGMENT_SENT: at3.enc
2026-06-18 05:17:59,424 - INFO - [application] - SEGMENT_SENT: at4.enc
2026-06-18 05:17:59,430 - INFO - [application] - SEGMENT_SENT: at5.enc
2026-06-18 05:17:59,431 - INFO - [application] - TRANSFER_COMPLETED: Session: 0b75dbe8-8dce-4652-804c-aa68fcc0f968, Channel: H:\AN TOÀN BẢO MẬT THÔNG TIN\secure-audio-segment-transfer\output\channel\3d39f791-bf99-4f6a-b524-355ecf1b6aa0
2026-06-18 05:17:59,442 - INFO - [application] - RECEIVE_STARTED: Channel: H:\AN TOÀN BẢO MẬT THÔNG TIN\secure-audio-segment-transfer\output\channel\3d39f791-bf99-4f6a-b524-355ecf1b6aa0
2026-06-18 05:17:59,459 - INFO - [application] - MANIFEST_VERIFIED
2026-06-18 05:17:59,488 - INFO - [application] - SEGMENT_DECRYPTED: at1.enc
2026-06-18 05:17:59,494 - INFO - [application] - SEGMENT_RECEIVED: at1.enc
2026-06-18 05:17:59,521 - INFO - [application] - SEGMENT_DECRYPTED: at2.enc
2026-06-18 05:17:59,528 - INFO - [application] - SEGMENT_RECEIVED: at2.enc
2026-06-18 05:17:59,545 - INFO - [application] - SEGMENT_DECRYPTED: at3.enc
2026-06-18 05:17:59,545 - INFO - [application] - SEGMENT_RECEIVED: at3.enc
2026-06-18 05:17:59,573 - INFO - [application] - SEGMENT_DECRYPTED: at4.enc
2026-06-18 05:17:59,575 - INFO - [application] - SEGMENT_RECEIVED: at4.enc
2026-06-18 05:17:59,600 - INFO - [application] - SEGMENT_DECRYPTED: at5.enc
2026-06-18 05:17:59,602 - INFO - [application] - SEGMENT_RECEIVED: at5.enc
2026-06-18 05:17:59,603 - INFO - [application] - ASSEMBLY_STARTED
2026-06-18 05:17:59,603 - INFO - [application] - ASSEMBLY_STARTED: Format: wav, Target: H:\AN TOÀN BẢO MẬT THÔNG TIN\secure-audio-segment-transfer\output\receiver\reconstructed.wav
2026-06-18 05:17:59,684 - INFO - [application] - ASSEMBLY_COMPLETED: WAV assembled to H:\AN TOÀN BẢO MẬT THÔNG TIN\secure-audio-segment-transfer\output\receiver\reconstructed.wav
2026-06-18 05:17:59,709 - INFO - [application] - FINAL_HASH_VERIFIED: HASH MATCH: PASS
2026-06-18 05:20:09,930 - INFO - [application] - TRANSFER_CREATED: Sender: alice, Receiver: bob
2026-06-18 05:20:10,019 - INFO - [application] - INPUT_FILES_VALIDATED: Found 5 valid mp3 files.
2026-06-18 05:20:10,034 - INFO - [application] - SEGMENT_METADATA_READ
2026-06-18 05:20:10,034 - INFO - [application] - REFERENCE_ASSEMBLY_STARTED
2026-06-18 05:20:10,035 - INFO - [application] - ASSEMBLY_STARTED: Format: mp3, Target: H:\AN TOÀN BẢO MẬT THÔNG TIN\secure-audio-segment-transfer\output\reference\original_reference.mp3
2026-06-18 05:20:10,140 - INFO - [application] - ASSEMBLY_COMPLETED: MP3 assembled to H:\AN TOÀN BẢO MẬT THÔNG TIN\secure-audio-segment-transfer\output\reference\original_reference.mp3
2026-06-18 05:20:10,143 - INFO - [application] - REFERENCE_ASSEMBLY_COMPLETED: Hash: f798c8a3b0ab4510a61a7a252bd24486bcb400d5b735cc60a088d2c2aaf4c884
2026-06-18 05:20:10,156 - INFO - [application] - SEGMENT_ENCRYPTED: Segment 1
2026-06-18 05:20:10,156 - INFO - [application] - SEGMENT_ENCRYPTED: Segment 2
2026-06-18 05:20:10,163 - INFO - [application] - SEGMENT_ENCRYPTED: Segment 3
2026-06-18 05:20:10,164 - INFO - [application] - SEGMENT_ENCRYPTED: Segment 4
2026-06-18 05:20:10,166 - INFO - [application] - SEGMENT_ENCRYPTED: Segment 5
2026-06-18 05:20:10,172 - INFO - [application] - MANIFEST_CREATED
2026-06-18 05:20:10,178 - INFO - [application] - SEGMENT_SENT: at1.enc
2026-06-18 05:20:10,180 - INFO - [application] - SEGMENT_SENT: at2.enc
2026-06-18 05:20:10,181 - INFO - [application] - SEGMENT_SENT: at3.enc
2026-06-18 05:20:10,183 - INFO - [application] - SEGMENT_SENT: at4.enc
2026-06-18 05:20:10,184 - INFO - [application] - SEGMENT_SENT: at5.enc
2026-06-18 05:20:10,185 - INFO - [application] - TRANSFER_COMPLETED: Session: c3936074-a823-4eb7-ae57-45189b5cfac0, Channel: H:\AN TOÀN BẢO MẬT THÔNG TIN\secure-audio-segment-transfer\output\channel\ae2e3bd8-ff1d-4ca7-a2e6-1ce468c30b9a
2026-06-18 05:20:12,091 - INFO - [application] - RECEIVE_STARTED: Channel: H:\AN TOÀN BẢO MẬT THÔNG TIN\secure-audio-segment-transfer\output\channel\3da55bf2-2bd0-4876-9026-1753eb479911
2026-06-18 05:20:12,113 - INFO - [application] - MANIFEST_VERIFIED
2026-06-18 05:20:12,143 - INFO - [application] - SEGMENT_DECRYPTED: at1.enc
2026-06-18 05:20:12,143 - INFO - [application] - SEGMENT_RECEIVED: at1.enc
2026-06-18 05:20:12,175 - INFO - [application] - SEGMENT_DECRYPTED: at2.enc
2026-06-18 05:20:12,184 - INFO - [application] - SEGMENT_RECEIVED: at2.enc
2026-06-18 05:20:12,206 - INFO - [application] - SEGMENT_DECRYPTED: at3.enc
2026-06-18 05:20:12,213 - INFO - [application] - SEGMENT_RECEIVED: at3.enc
2026-06-18 05:20:12,234 - INFO - [application] - SEGMENT_DECRYPTED: at4.enc
2026-06-18 05:20:12,238 - INFO - [application] - SEGMENT_RECEIVED: at4.enc
2026-06-18 05:20:12,256 - INFO - [application] - SEGMENT_DECRYPTED: at5.enc
2026-06-18 05:20:12,263 - INFO - [application] - SEGMENT_RECEIVED: at5.enc
2026-06-18 05:20:12,263 - INFO - [application] - ASSEMBLY_STARTED
2026-06-18 05:20:12,263 - INFO - [application] - ASSEMBLY_STARTED: Format: mp3, Target: H:\AN TOÀN BẢO MẬT THÔNG TIN\secure-audio-segment-transfer\output\receiver\reconstructed.mp3
2026-06-18 05:20:12,438 - INFO - [application] - ASSEMBLY_COMPLETED: MP3 assembled to H:\AN TOÀN BẢO MẬT THÔNG TIN\secure-audio-segment-transfer\output\receiver\reconstructed.mp3
2026-06-18 05:20:12,450 - INFO - [application] - FINAL_HASH_VERIFIED: HASH MATCH: PASS
2026-06-18 05:28:40,358 - INFO - [application] - TRANSFER_CREATED: Sender: alice, Receiver: bob
2026-06-18 05:28:40,552 - INFO - [application] - INPUT_FILES_VALIDATED: Found 5 valid mp3 files.
2026-06-18 05:28:40,569 - INFO - [application] - SEGMENT_METADATA_READ
2026-06-18 05:28:40,569 - INFO - [application] - REFERENCE_ASSEMBLY_STARTED
2026-06-18 05:28:40,569 - INFO - [application] - ASSEMBLY_STARTED: Format: mp3, Target: H:\AN TOÀN BẢO MẬT THÔNG TIN\secure-audio-segment-transfer\output\reference\original_reference.mp3
2026-06-18 05:28:40,687 - INFO - [application] - ASSEMBLY_COMPLETED: MP3 assembled to H:\AN TOÀN BẢO MẬT THÔNG TIN\secure-audio-segment-transfer\output\reference\original_reference.mp3
2026-06-18 05:28:40,700 - INFO - [application] - REFERENCE_ASSEMBLY_COMPLETED: Hash: 835efb7c66703acc0c53a69b906fd35a0536d1c578e24c5dfafdb7f16ad63845
2026-06-18 05:28:40,702 - INFO - [application] - SEGMENT_ENCRYPTED: Segment 1
2026-06-18 05:28:40,716 - INFO - [application] - SEGMENT_ENCRYPTED: Segment 2
2026-06-18 05:28:40,721 - INFO - [application] - SEGMENT_ENCRYPTED: Segment 3
2026-06-18 05:28:40,722 - INFO - [application] - SEGMENT_ENCRYPTED: Segment 4
2026-06-18 05:28:40,722 - INFO - [application] - SEGMENT_ENCRYPTED: Segment 5
2026-06-18 05:28:40,734 - INFO - [application] - MANIFEST_CREATED
2026-06-18 05:28:40,739 - INFO - [application] - SEGMENT_SENT: at1.enc
2026-06-18 05:28:40,739 - INFO - [application] - SEGMENT_SENT: at2.enc
2026-06-18 05:28:40,739 - INFO - [application] - SEGMENT_SENT: at3.enc
2026-06-18 05:28:40,739 - INFO - [application] - SEGMENT_SENT: at4.enc
2026-06-18 05:28:40,739 - INFO - [application] - SEGMENT_SENT: at5.enc
2026-06-18 05:28:40,750 - INFO - [application] - TRANSFER_COMPLETED: Session: c288a41b-93ea-42a3-b112-7e8dc86f8786, Channel: H:\AN TOÀN BẢO MẬT THÔNG TIN\secure-audio-segment-transfer\output\channel\57382ab0-da27-4310-8ed9-1218c08b7bcf
2026-06-18 05:28:44,894 - INFO - [application] - RECEIVE_STARTED: Channel: H:\AN TOÀN BẢO MẬT THÔNG TIN\secure-audio-segment-transfer\output\channel\75f8b9f2-9f5c-4fec-9442-ed353c4d89d4
2026-06-18 05:28:44,916 - INFO - [application] - MANIFEST_VERIFIED
2026-06-18 05:28:44,953 - INFO - [application] - SEGMENT_DECRYPTED: at1.enc
2026-06-18 05:28:44,955 - INFO - [application] - SEGMENT_RECEIVED: at1.enc
2026-06-18 05:28:44,985 - INFO - [application] - SEGMENT_DECRYPTED: at2.enc
2026-06-18 05:28:44,988 - INFO - [application] - SEGMENT_RECEIVED: at2.enc
2026-06-18 05:28:45,011 - INFO - [application] - SEGMENT_DECRYPTED: at3.enc
2026-06-18 05:28:45,015 - INFO - [application] - SEGMENT_RECEIVED: at3.enc
2026-06-18 05:28:45,034 - INFO - [application] - SEGMENT_DECRYPTED: at4.enc
2026-06-18 05:28:45,044 - INFO - [application] - SEGMENT_RECEIVED: at4.enc
2026-06-18 05:28:45,065 - INFO - [application] - SEGMENT_DECRYPTED: at5.enc
2026-06-18 05:28:45,067 - INFO - [application] - SEGMENT_RECEIVED: at5.enc
2026-06-18 05:28:45,067 - INFO - [application] - ASSEMBLY_STARTED
2026-06-18 05:28:45,067 - INFO - [application] - ASSEMBLY_STARTED: Format: mp3, Target: H:\AN TOÀN BẢO MẬT THÔNG TIN\secure-audio-segment-transfer\output\receiver\reconstructed.mp3
2026-06-18 05:28:45,355 - INFO - [application] - ASSEMBLY_COMPLETED: MP3 assembled to H:\AN TOÀN BẢO MẬT THÔNG TIN\secure-audio-segment-transfer\output\receiver\reconstructed.mp3
2026-06-18 05:28:45,362 - INFO - [application] - FINAL_HASH_VERIFIED: HASH MATCH: PASS
2026-06-18 05:35:07,596 - INFO - [application] - TRANSFER_CREATED: Sender: alice, Receiver: bob
2026-06-18 05:35:07,597 - INFO - [application] - INPUT_FILES_VALIDATED: Found 5 valid mp3 files.
2026-06-18 05:35:07,597 - INFO - [application] - SEGMENT_METADATA_READ
2026-06-18 05:35:07,597 - INFO - [application] - REFERENCE_ASSEMBLY_STARTED
2026-06-18 05:35:07,597 - INFO - [application] - REFERENCE_ASSEMBLY_COMPLETED: Hash: fake_hash
2026-06-18 05:35:07,606 - INFO - [application] - SEGMENT_ENCRYPTED: Segment 1
2026-06-18 05:35:07,623 - INFO - [application] - SEGMENT_ENCRYPTED: Segment 2
2026-06-18 05:35:07,643 - INFO - [application] - SEGMENT_ENCRYPTED: Segment 3
2026-06-18 05:35:07,656 - INFO - [application] - SEGMENT_ENCRYPTED: Segment 4
2026-06-18 05:35:07,656 - INFO - [application] - SEGMENT_ENCRYPTED: Segment 5
2026-06-18 05:35:07,673 - INFO - [application] - MANIFEST_CREATED
2026-06-18 05:35:07,673 - INFO - [application] - SEGMENT_SENT: at1.enc
2026-06-18 05:35:07,673 - INFO - [application] - SEGMENT_SENT: at2.enc
2026-06-18 05:35:07,673 - INFO - [application] - SEGMENT_SENT: at3.enc
2026-06-18 05:35:07,673 - INFO - [application] - SEGMENT_SENT: at4.enc
2026-06-18 05:35:07,673 - INFO - [application] - SEGMENT_SENT: at5.enc
2026-06-18 05:35:07,673 - INFO - [application] - TRANSFER_COMPLETED: Session: 5926548a-6b07-4ebc-af86-e198705650d3, Channel: C:\Users\ADMIN\AppData\Local\Temp\pytest-of-ADMIN\pytest-3\test_missing_at30\output\channel\1c548821-b7b0-43e5-9473-24d47997f6ec
2026-06-18 05:35:07,673 - INFO - [application] - RECEIVE_STARTED: Channel: C:\Users\ADMIN\AppData\Local\Temp\pytest-of-ADMIN\pytest-3\test_missing_at30\output\channel\1c548821-b7b0-43e5-9473-24d47997f6ec
2026-06-18 05:35:07,689 - INFO - [application] - MANIFEST_VERIFIED
2026-06-18 05:35:07,689 - INFO - [application] - TRANSFER_FAILED: Expected segment at3.enc is missing
2026-06-18 05:35:07,701 - INFO - [application] - TRANSFER_CREATED: Sender: alice, Receiver: bob
2026-06-18 05:35:07,701 - INFO - [application] - INPUT_FILES_VALIDATED: Found 5 valid mp3 files.
2026-06-18 05:35:07,701 - INFO - [application] - SEGMENT_METADATA_READ
2026-06-18 05:35:07,701 - INFO - [application] - REFERENCE_ASSEMBLY_STARTED
2026-06-18 05:35:07,701 - INFO - [application] - REFERENCE_ASSEMBLY_COMPLETED: Hash: fake_hash
2026-06-18 05:35:07,706 - INFO - [application] - SEGMENT_ENCRYPTED: Segment 1
2026-06-18 05:35:07,741 - INFO - [application] - SEGMENT_ENCRYPTED: Segment 2
2026-06-18 05:35:07,761 - INFO - [application] - SEGMENT_ENCRYPTED: Segment 3
2026-06-18 05:35:07,773 - INFO - [application] - SEGMENT_ENCRYPTED: Segment 4
2026-06-18 05:35:07,790 - INFO - [application] - SEGMENT_ENCRYPTED: Segment 5
2026-06-18 05:35:07,790 - INFO - [application] - MANIFEST_CREATED
2026-06-18 05:35:07,790 - INFO - [application] - SEGMENT_SENT: at1.enc
2026-06-18 05:35:07,790 - INFO - [application] - SEGMENT_SENT: at2.enc
2026-06-18 05:35:07,790 - INFO - [application] - SEGMENT_SENT: at3.enc
2026-06-18 05:35:07,806 - INFO - [application] - SEGMENT_SENT: at4.enc
2026-06-18 05:35:07,806 - INFO - [application] - SEGMENT_SENT: at5.enc
2026-06-18 05:35:07,806 - INFO - [application] - TRANSFER_COMPLETED: Session: f131f527-0370-45a7-948e-4005d7901548, Channel: C:\Users\ADMIN\AppData\Local\Temp\pytest-of-ADMIN\pytest-3\test_replay_full_session0\output\channel\2a7537e2-65c6-4e66-be9d-816f177d3413
2026-06-18 05:35:07,808 - INFO - [application] - RECEIVE_STARTED: Channel: C:\Users\ADMIN\AppData\Local\Temp\pytest-of-ADMIN\pytest-3\test_replay_full_session0\output\channel\2a7537e2-65c6-4e66-be9d-816f177d3413
2026-06-18 05:35:07,825 - INFO - [application] - MANIFEST_VERIFIED
2026-06-18 05:35:07,846 - INFO - [application] - SEGMENT_DECRYPTED: at1.enc
2026-06-18 05:35:07,846 - INFO - [application] - SEGMENT_RECEIVED: at1.enc
2026-06-18 05:35:07,857 - INFO - [application] - SEGMENT_DECRYPTED: at2.enc
2026-06-18 05:35:07,873 - INFO - [application] - SEGMENT_RECEIVED: at2.enc
2026-06-18 05:35:07,890 - INFO - [application] - SEGMENT_DECRYPTED: at3.enc
2026-06-18 05:35:07,890 - INFO - [application] - SEGMENT_RECEIVED: at3.enc
2026-06-18 05:35:07,906 - INFO - [application] - SEGMENT_DECRYPTED: at4.enc
2026-06-18 05:35:07,906 - INFO - [application] - SEGMENT_RECEIVED: at4.enc
2026-06-18 05:35:07,939 - INFO - [application] - SEGMENT_DECRYPTED: at5.enc
2026-06-18 05:35:07,940 - INFO - [application] - SEGMENT_RECEIVED: at5.enc
2026-06-18 05:35:07,940 - INFO - [application] - ASSEMBLY_STARTED
2026-06-18 05:35:07,940 - INFO - [application] - FINAL_HASH_VERIFIED: HASH MATCH: PASS
2026-06-18 05:35:07,946 - INFO - [application] - RECEIVE_STARTED: Channel: C:\Users\ADMIN\AppData\Local\Temp\pytest-of-ADMIN\pytest-3\test_replay_full_session0\output\channel\2a7537e2-65c6-4e66-be9d-816f177d3413
2026-06-18 05:35:07,946 - INFO - [application] - MANIFEST_VERIFIED
2026-06-18 05:35:07,950 - INFO - [application] - TRANSFER_FAILED: Replay attack detected: Session f131f527-0370-45a7-948e-4005d7901548 already completed.
2026-06-18 05:35:07,961 - INFO - [application] - TRANSFER_CREATED: Sender: alice, Receiver: bob
2026-06-18 05:35:07,961 - INFO - [application] - INPUT_FILES_VALIDATED: Found 5 valid mp3 files.
2026-06-18 05:35:07,962 - INFO - [application] - SEGMENT_METADATA_READ
2026-06-18 05:35:07,962 - INFO - [application] - REFERENCE_ASSEMBLY_STARTED
2026-06-18 05:35:07,962 - INFO - [application] - REFERENCE_ASSEMBLY_COMPLETED: Hash: fake_hash
2026-06-18 05:35:07,973 - INFO - [application] - SEGMENT_ENCRYPTED: Segment 1
2026-06-18 05:35:08,001 - INFO - [application] - SEGMENT_ENCRYPTED: Segment 2
2026-06-18 05:35:08,023 - INFO - [application] - SEGMENT_ENCRYPTED: Segment 3
2026-06-18 05:35:08,047 - INFO - [application] - SEGMENT_ENCRYPTED: Segment 4
2026-06-18 05:35:08,056 - INFO - [application] - SEGMENT_ENCRYPTED: Segment 5
2026-06-18 05:35:08,073 - INFO - [application] - MANIFEST_CREATED
2026-06-18 05:35:08,080 - INFO - [application] - SEGMENT_SENT: at1.enc
2026-06-18 05:35:08,082 - INFO - [application] - SEGMENT_SENT: at2.enc
2026-06-18 05:35:08,084 - INFO - [application] - SEGMENT_SENT: at3.enc
2026-06-18 05:35:08,084 - INFO - [application] - SEGMENT_SENT: at4.enc
2026-06-18 05:35:08,089 - INFO - [application] - SEGMENT_SENT: at5.enc
2026-06-18 05:35:08,090 - INFO - [application] - TRANSFER_COMPLETED: Session: c2e15bea-119a-407d-8587-ecfc51a31e65, Channel: C:\Users\ADMIN\AppData\Local\Temp\pytest-of-ADMIN\pytest-3\test_tampered_at20\output\channel\8116c4f9-8edf-4d87-9541-f191a92eafa9
2026-06-18 05:35:08,109 - INFO - [application] - RECEIVE_STARTED: Channel: C:\Users\ADMIN\AppData\Local\Temp\pytest-of-ADMIN\pytest-3\test_tampered_at20\output\channel\8116c4f9-8edf-4d87-9541-f191a92eafa9
2026-06-18 05:35:08,123 - INFO - [application] - MANIFEST_VERIFIED
2026-06-18 05:35:08,160 - INFO - [application] - SEGMENT_DECRYPTED: at1.enc
2026-06-18 05:35:08,160 - INFO - [application] - SEGMENT_RECEIVED: at1.enc
2026-06-18 05:35:08,184 - INFO - [application] - TRANSFER_FAILED: Ciphertext hash mismatch for at2.enc
2026-06-18 05:35:08,204 - INFO - [application] - TRANSFER_CREATED: Sender: alice, Receiver: bob
2026-06-18 05:35:08,206 - INFO - [application] - INPUT_FILES_VALIDATED: Found 5 valid mp3 files.
2026-06-18 05:35:08,206 - INFO - [application] - SEGMENT_METADATA_READ
2026-06-18 05:35:08,206 - INFO - [application] - REFERENCE_ASSEMBLY_STARTED
2026-06-18 05:35:08,290 - INFO - [application] - REFERENCE_ASSEMBLY_COMPLETED: Hash: fake_hash
2026-06-18 05:35:08,290 - INFO - [application] - SEGMENT_ENCRYPTED: Segment 1
2026-06-18 05:35:08,290 - INFO - [application] - SEGMENT_ENCRYPTED: Segment 2
2026-06-18 05:35:08,290 - INFO - [application] - SEGMENT_ENCRYPTED: Segment 3
2026-06-18 05:35:08,290 - INFO - [application] - SEGMENT_ENCRYPTED: Segment 4
2026-06-18 05:35:08,290 - INFO - [application] - SEGMENT_ENCRYPTED: Segment 5
2026-06-18 05:35:08,290 - INFO - [application] - MANIFEST_CREATED
2026-06-18 05:35:08,290 - INFO - [application] - SEGMENT_SENT: at1.enc
2026-06-18 05:35:08,305 - INFO - [application] - SEGMENT_SENT: at2.enc
2026-06-18 05:35:08,306 - INFO - [application] - SEGMENT_SENT: at3.enc
2026-06-18 05:35:08,309 - INFO - [application] - SEGMENT_SENT: at4.enc
2026-06-18 05:35:08,309 - INFO - [application] - SEGMENT_SENT: at5.enc
2026-06-18 05:35:08,309 - INFO - [application] - TRANSFER_COMPLETED: Session: 251d2305-9866-414f-af76-df816d265af5, Channel: C:\Users\ADMIN\AppData\Local\Temp\pytest-of-ADMIN\pytest-3\test_valid_mp30\output\channel\733632f5-4e85-4f62-9109-b6791edc1446
2026-06-18 05:35:08,315 - INFO - [application] - RECEIVE_STARTED: Channel: C:\Users\ADMIN\AppData\Local\Temp\pytest-of-ADMIN\pytest-3\test_valid_mp30\output\channel\733632f5-4e85-4f62-9109-b6791edc1446
2026-06-18 05:35:08,323 - INFO - [application] - MANIFEST_VERIFIED
2026-06-18 05:35:08,340 - INFO - [application] - SEGMENT_DECRYPTED: at1.enc
2026-06-18 05:35:08,340 - INFO - [application] - SEGMENT_RECEIVED: at1.enc
2026-06-18 05:35:08,357 - INFO - [application] - SEGMENT_DECRYPTED: at2.enc
2026-06-18 05:35:08,357 - INFO - [application] - SEGMENT_RECEIVED: at2.enc
2026-06-18 05:35:08,386 - INFO - [application] - SEGMENT_DECRYPTED: at3.enc
2026-06-18 05:35:08,389 - INFO - [application] - SEGMENT_RECEIVED: at3.enc
2026-06-18 05:35:08,407 - INFO - [application] - SEGMENT_DECRYPTED: at4.enc
2026-06-18 05:35:08,407 - INFO - [application] - SEGMENT_RECEIVED: at4.enc
2026-06-18 05:35:08,434 - INFO - [application] - SEGMENT_DECRYPTED: at5.enc
2026-06-18 05:35:08,439 - INFO - [application] - SEGMENT_RECEIVED: at5.enc
2026-06-18 05:35:08,440 - INFO - [application] - ASSEMBLY_STARTED
2026-06-18 05:35:08,543 - INFO - [application] - FINAL_HASH_VERIFIED: HASH MATCH: PASS
